[0.011s] Invoking command in '/home/jason/gxs/GXS_2024_VisionCode/build/camera_driver': CMAKE_PREFIX_PATH=/opt/ros/humble /usr/bin/cmake --build /home/jason/gxs/GXS_2024_VisionCode/build/camera_driver -- -j16 -l16
[0.034s] [35m[1mConsolidate compiler generated dependencies of target image_publisher[0m
[0.047s] [ 50%] [32mBuilding CXX object CMakeFiles/image_publisher.dir/src/camera_driver.cpp.o[0m
[2.013s] [01m[K/home/jason/gxs/GXS_2024_VisionCode/src/camera_driver/src/camera_driver.cpp:[m[K In constructor â€˜[01m[KImagePublisher::ImagePublisher()[m[Kâ€™:
[2.013s] [01m[K/home/jason/gxs/GXS_2024_VisionCode/src/camera_driver/src/camera_driver.cpp:11:87:[m[K [01;31m[Kerror: [m[Kno match for â€˜[01m[Koperator=[m[Kâ€™ (operand types are â€˜[01m[Kimage_transport::Publisher[m[Kâ€™ and â€˜[01m[Kstd::shared_ptr<rclcpp::Publisher<sensor_msgs::msg::Image_<std::allocator<void> >, std::allocator<void> > >[m[Kâ€™)
[2.013s]    11 | _ = this->create_publisher<sensor_msgs::msg::Image>("image_topic", 10[01;31m[K)[m[K;
[2.013s]       |                                                                      [01;31m[K^[m[K
[2.013s] 
[2.013s] In file included from [01m[K/opt/ros/humble/include/image_transport/image_transport/image_transport.hpp:41[m[K,
[2.013s]                  from [01m[K/home/jason/gxs/GXS_2024_VisionCode/src/camera_driver/src/camera_driver.cpp:3[m[K:
[2.013s] [01m[K/opt/ros/humble/include/image_transport/image_transport/publisher.hpp:65:7:[m[K [01;36m[Knote: [m[Kcandidate: â€˜[01m[Kimage_transport::Publisher& image_transport::Publisher::operator=(const image_transport::Publisher&)[m[Kâ€™
[2.013s]    65 | class [01;36m[KPublisher[m[K
[2.013s]       |       [01;36m[K^~~~~~~~~[m[K
[2.013s] [01m[K/opt/ros/humble/include/image_transport/image_transport/publisher.hpp:65:7:[m[K [01;36m[Knote: [m[K  no known conversion for argument 1 from â€˜[01m[Kstd::shared_ptr<rclcpp::Publisher<sensor_msgs::msg::Image_<std::allocator<void> >, std::allocator<void> > >[m[Kâ€™ to â€˜[01m[Kconst image_transport::Publisher&[m[Kâ€™
[2.013s] [01m[K/opt/ros/humble/include/image_transport/image_transport/publisher.hpp:65:7:[m[K [01;36m[Knote: [m[Kcandidate: â€˜[01m[Kimage_transport::Publisher& image_transport::Publisher::operator=(image_transport::Publisher&&)[m[Kâ€™
[2.013s] [01m[K/opt/ros/humble/include/image_transport/image_transport/publisher.hpp:65:7:[m[K [01;36m[Knote: [m[K  no known conversion for argument 1 from â€˜[01m[Kstd::shared_ptr<rclcpp::Publisher<sensor_msgs::msg::Image_<std::allocator<void> >, std::allocator<void> > >[m[Kâ€™ to â€˜[01m[Kimage_transport::Publisher&&[m[Kâ€™
[3.056s] gmake[2]: *** [CMakeFiles/image_publisher.dir/build.make:76: CMakeFiles/image_publisher.dir/src/camera_driver.cpp.o] Error 1
[3.056s] gmake[1]: *** [CMakeFiles/Makefile2:137: CMakeFiles/image_publisher.dir/all] Error 2
[3.056s] gmake: *** [Makefile:146: all] Error 2
[3.059s] Invoked command in '/home/jason/gxs/GXS_2024_VisionCode/build/camera_driver' returned '2': CMAKE_PREFIX_PATH=/opt/ros/humble /usr/bin/cmake --build /home/jason/gxs/GXS_2024_VisionCode/build/camera_driver -- -j16 -l16
