[0.009s] Invoking command in '/home/jason/gxs/GXS_2024_VisionCode/build/colorblock_detector': AMENT_PREFIX_PATH=/home/jason/gxs/GXS_2024_VisionCode/install/qrmsg:${AMENT_PREFIX_PATH} CMAKE_PREFIX_PATH=/home/jason/gxs/GXS_2024_VisionCode/install/qrmsg:/home/jason/Desktop/rm_vision/install/trajectory:/home/jason/Desktop/rm_vision/install/rm_vision_bringup:/home/jason/Desktop/rm_vision/install/rm_serial_driver:/home/jason/Desktop/rm_vision/install/rm_gimbal_description:/home/jason/Desktop/rm_vision/install/rm_auto_aim:/home/jason/Desktop/rm_vision/install/mindvision_camera:/home/jason/Desktop/rm_vision/install/armor_tracker:/home/jason/Desktop/rm_vision/install/armor_detector:/home/jason/Desktop/rm_vision/install/auto_aim_interfaces:/opt/ros/humble LD_LIBRARY_PATH=/home/jason/gxs/GXS_2024_VisionCode/install/qrmsg/lib:${LD_LIBRARY_PATH} PYTHONPATH=/home/jason/gxs/GXS_2024_VisionCode/install/qrmsg/local/lib/python3.10/dist-packages:${PYTHONPATH} /usr/bin/cmake --build /home/jason/gxs/GXS_2024_VisionCode/build/colorblock_detector -- -j16 -l16
[0.049s] [ 50%] [32mBuilding CXX object CMakeFiles/colorblock.dir/src/colorblock.cpp.o[0m
[1.677s] [01m[K/home/jason/gxs/GXS_2024_VisionCode/src/colorblock_detector/src/colorblock.cpp:109:2:[m[K [01;31m[Kerror: [m[Kexpected â€˜[01m[K}[m[Kâ€™ at end of input
[1.677s]   109 | }
[1.677s]       |  [01;31m[K^[m[K
[1.677s] [01m[K/home/jason/gxs/GXS_2024_VisionCode/src/colorblock_detector/src/colorblock.cpp:6:1:[m[K [01;36m[Knote: [m[Kto match this â€˜[01m[K{[m[Kâ€™
[1.677s]     6 | [01;36m[K{[m[K
[1.677s]       | [01;36m[K^[m[K
[1.685s] [01m[K/home/jason/gxs/GXS_2024_VisionCode/src/colorblock_detector/src/colorblock.cpp:[m[K In constructor â€˜[01m[KSearchResponse::SearchResponse(std::string)[m[Kâ€™:
[1.685s] [01m[K/home/jason/gxs/GXS_2024_VisionCode/src/colorblock_detector/src/colorblock.cpp:23:9:[m[K [01;31m[Kerror: [m[Kâ€˜[01m[Ksearch_block_server_[m[Kâ€™ was not declared in this scope
[1.685s]    23 |         [01;31m[Ksearch_block_server_[m[K =
[1.685s]       |         [01;31m[K^~~~~~~~~~~~~~~~~~~~[m[K
[1.703s] [01m[K/home/jason/gxs/GXS_2024_VisionCode/src/colorblock_detector/src/colorblock.cpp:[m[K At global scope:
[1.703s] [01m[K/home/jason/gxs/GXS_2024_VisionCode/src/colorblock_detector/src/colorblock.cpp:109:2:[m[K [01;31m[Kerror: [m[Kexpected unqualified-id at end of input
[1.703s]   109 | }
[1.703s]       |  [01;31m[K^[m[K
[2.448s] gmake[2]: *** [CMakeFiles/colorblock.dir/build.make:76: CMakeFiles/colorblock.dir/src/colorblock.cpp.o] Error 1
[2.448s] gmake[1]: *** [CMakeFiles/Makefile2:137: CMakeFiles/colorblock.dir/all] Error 2
[2.448s] gmake: *** [Makefile:146: all] Error 2
[2.450s] Invoked command in '/home/jason/gxs/GXS_2024_VisionCode/build/colorblock_detector' returned '2': AMENT_PREFIX_PATH=/home/jason/gxs/GXS_2024_VisionCode/install/qrmsg:${AMENT_PREFIX_PATH} CMAKE_PREFIX_PATH=/home/jason/gxs/GXS_2024_VisionCode/install/qrmsg:/home/jason/Desktop/rm_vision/install/trajectory:/home/jason/Desktop/rm_vision/install/rm_vision_bringup:/home/jason/Desktop/rm_vision/install/rm_serial_driver:/home/jason/Desktop/rm_vision/install/rm_gimbal_description:/home/jason/Desktop/rm_vision/install/rm_auto_aim:/home/jason/Desktop/rm_vision/install/mindvision_camera:/home/jason/Desktop/rm_vision/install/armor_tracker:/home/jason/Desktop/rm_vision/install/armor_detector:/home/jason/Desktop/rm_vision/install/auto_aim_interfaces:/opt/ros/humble LD_LIBRARY_PATH=/home/jason/gxs/GXS_2024_VisionCode/install/qrmsg/lib:${LD_LIBRARY_PATH} PYTHONPATH=/home/jason/gxs/GXS_2024_VisionCode/install/qrmsg/local/lib/python3.10/dist-packages:${PYTHONPATH} /usr/bin/cmake --build /home/jason/gxs/GXS_2024_VisionCode/build/colorblock_detector -- -j16 -l16
