[ 25%] [32mBuilding CXX object CMakeFiles/binary_detector.dir/src/binary.cpp.o[0m
[01m[K/home/jason/gxs/GXS_2024_VisionCode/src/binary_detector/src/binary.cpp:[m[K In constructor â€˜[01m[KQrRequest::QrRequest(std::string, int*)[m[Kâ€™:
[01m[K/home/jason/gxs/GXS_2024_VisionCode/src/binary_detector/src/binary.cpp:84:20:[m[K [01;31m[Kerror: [m[Kâ€˜[01m[KSearchResponse[m[Kâ€™ has not been declared
   84 |         std::bind(&[01;31m[KSearchResponse[m[K::state_callback, this, std::placeholders::_1)
      |                    [01;31m[K^~~~~~~~~~~~~~[m[K
[01m[K/home/jason/gxs/GXS_2024_VisionCode/src/binary_detector/src/binary.cpp:91:31:[m[K [01;31m[Kerror: [m[Kâ€˜[01m[Ksend_request[m[Kâ€™ is not a member of â€˜[01m[KQrRequest[m[Kâ€™
   91 |         std::bind(&QrRequest::[01;31m[Ksend_request[m[K, this)
      |                               [01;31m[K^~~~~~~~~~~~[m[K
[01m[K/home/jason/gxs/GXS_2024_VisionCode/src/binary_detector/src/binary.cpp:[m[K At global scope:
[01m[K/home/jason/gxs/GXS_2024_VisionCode/src/binary_detector/src/binary.cpp:103:6:[m[K [01;31m[Kerror: [m[Kno declaration matches â€˜[01m[Kvoid QrRequest::send_request()[m[Kâ€™
  103 | void [01;31m[KQrRequest[m[K::send_request()
      |      [01;31m[K^~~~~~~~~[m[K
[01m[K/home/jason/gxs/GXS_2024_VisionCode/src/binary_detector/src/binary.cpp:103:6:[m[K [01;36m[Knote: [m[Kno functions named â€˜[01m[Kvoid QrRequest::send_request()[m[Kâ€™
In file included from [01m[K/home/jason/gxs/GXS_2024_VisionCode/src/binary_detector/src/binary.cpp:1[m[K:
[01m[K/home/jason/gxs/GXS_2024_VisionCode/src/binary_detector/include/binary_detector/binary.hpp:29:7:[m[K [01;36m[Knote: [m[Kâ€˜[01m[Kclass QrRequest[m[Kâ€™ defined here
   29 | class [01;36m[KQrRequest[m[K : public rclcpp::Node
      |       [01;36m[K^~~~~~~~~[m[K
gmake[2]: *** [CMakeFiles/binary_detector.dir/build.make:76: CMakeFiles/binary_detector.dir/src/binary.cpp.o] Error 1
gmake[1]: *** [CMakeFiles/Makefile2:139: CMakeFiles/binary_detector.dir/all] Error 2
gmake: *** [Makefile:146: all] Error 2
