[0.011s] Invoking command in '/home/jason/gxs/GXS_2024_VisionCode/build/camera_driver': CMAKE_PREFIX_PATH=/opt/ros/humble /usr/bin/cmake --build /home/jason/gxs/GXS_2024_VisionCode/build/camera_driver -- -j16 -l16
[0.033s] [35m[1mConsolidate compiler generated dependencies of target image_publisher[0m
[0.046s] [ 50%] [32mBuilding CXX object CMakeFiles/image_publisher.dir/src/camera_driver.cpp.o[0m
[2.068s] [01m[K/home/jason/gxs/GXS_2024_VisionCode/src/camera_driver/src/camera_driver.cpp:[m[K In member function â€˜[01m[Kvoid ImagePublisher::publish_image()[m[Kâ€™:
[2.068s] [01m[K/home/jason/gxs/GXS_2024_VisionCode/src/camera_driver/src/camera_driver.cpp:31:24:[m[K [01;31m[Kerror: [m[Kâ€˜[01m[Kusing SharedPtr = class std::shared_ptr<rclcpp::Publisher<sensor_msgs::msg::Image_<std::allocator<void> > > >[m[Kâ€™ {aka â€˜[01m[Kclass std::shared_ptr<rclcpp::Publisher<sensor_msgs::msg::Image_<std::allocator<void> > > >[m[Kâ€™} has no member named â€˜[01m[Kpublish[m[Kâ€™
[2.068s]    31 |             publisher_.[01;31m[Kpublish[m[K(ros_image);
[2.068s]       |                        [01;31m[K^~~~~~~[m[K
[3.126s] gmake[2]: *** [CMakeFiles/image_publisher.dir/build.make:76: CMakeFiles/image_publisher.dir/src/camera_driver.cpp.o] Error 1
[3.127s] gmake[1]: *** [CMakeFiles/Makefile2:137: CMakeFiles/image_publisher.dir/all] Error 2
[3.127s] gmake: *** [Makefile:146: all] Error 2
[3.128s] Invoked command in '/home/jason/gxs/GXS_2024_VisionCode/build/camera_driver' returned '2': CMAKE_PREFIX_PATH=/opt/ros/humble /usr/bin/cmake --build /home/jason/gxs/GXS_2024_VisionCode/build/camera_driver -- -j16 -l16
