-- Found ament_cmake: 1.3.8 (/opt/ros/humble/share/ament_cmake/cmake)
-- Found rclcpp: 16.0.8 (/opt/ros/humble/share/rclcpp/cmake)
-- Found rosidl_generator_c: 3.1.5 (/opt/ros/humble/share/rosidl_generator_c/cmake)
-- Found rosidl_adapter: 3.1.5 (/opt/ros/humble/share/rosidl_adapter/cmake)
-- Found rosidl_generator_cpp: 3.1.5 (/opt/ros/humble/share/rosidl_generator_cpp/cmake)
-- Using all available rosidl_typesupport_c: rosidl_typesupport_fastrtps_c;rosidl_typesupport_introspection_c
-- Using all available rosidl_typesupport_cpp: rosidl_typesupport_fastrtps_cpp;rosidl_typesupport_introspection_cpp
-- Found rmw_implementation_cmake: 6.1.1 (/opt/ros/humble/share/rmw_implementation_cmake/cmake)
-- Found rmw_fastrtps_cpp: 6.2.6 (/opt/ros/humble/share/rmw_fastrtps_cpp/cmake)
-- Using RMW implementation 'rmw_fastrtps_cpp' as default
-- Found sensor_msgs: 4.2.3 (/opt/ros/humble/share/sensor_msgs/cmake)
-- Found cv_bridge: 3.2.1 (/opt/ros/humble/share/cv_bridge/cmake)
-- Found qrmsg: 0.0.0 (/home/jason/gxs/GXS_2024_VisionCode/install/qrmsg/share/qrmsg/cmake)
-- Configuring done
-- Generating done
-- Build files have been written to: /home/jason/gxs/GXS_2024_VisionCode/build/binary_detector
[35m[1mConsolidate compiler generated dependencies of target binary_detector[0m
[ 25%] [32mBuilding CXX object CMakeFiles/binary_detector.dir/src/binary.cpp.o[0m
[01m[K/home/jason/gxs/GXS_2024_VisionCode/src/binary_detector/src/binary.cpp:8:10:[m[K [01;31m[Kfatal error: [m[Kqrmsg/msg.qr/hpp: No such file or directory
    8 | #include [01;31m[K<qrmsg/msg.qr/hpp>[m[K
      |          [01;31m[K^~~~~~~~~~~~~~~~~~[m[K
compilation terminated.
gmake[2]: *** [CMakeFiles/binary_detector.dir/build.make:76: CMakeFiles/binary_detector.dir/src/binary.cpp.o] Error 1
gmake[1]: *** [CMakeFiles/Makefile2:139: CMakeFiles/binary_detector.dir/all] Error 2
gmake: *** [Makefile:146: all] Error 2
