[ 25%] [32mBuilding CXX object CMakeFiles/binary_detector.dir/src/binary.cpp.o[0m
[01m[K/home/lccc/Desktop/GXS_2024_VisionCode/src/binary_detector/src/binary.cpp:[m[K In member function â€˜[01m[Kvoid QrRequest::send_request(std_msgs::msg::Bool_<std::allocator<void> >::SharedPtr)[m[Kâ€™:
[01m[K/home/lccc/Desktop/GXS_2024_VisionCode/src/binary_detector/src/binary.cpp:169:13:[m[K [01;31m[Kerror: [m[Kexpected â€˜[01m[K,[m[Kâ€™ or â€˜[01m[K;[m[Kâ€™ before â€˜[01m[Kmessage[m[Kâ€™
  169 |             [01;31m[Kmessage[m[K.num = arr[indexto];
      |             [01;31m[K^~~~~~~[m[K
[01m[K/home/lccc/Desktop/GXS_2024_VisionCode/src/binary_detector/src/binary.cpp:183:9:[m[K [01;31m[Kerror: [m[Kâ€˜[01m[Kmessage[m[Kâ€™ was not declared in this scope
  183 |         [01;31m[Kmessage[m[K.is_new = true;
      |         [01;31m[K^~~~~~~[m[K
[01m[K/home/lccc/Desktop/GXS_2024_VisionCode/src/binary_detector/src/binary.cpp:194:32:[m[K [01;31m[Kerror: [m[Kâ€˜[01m[Kmessage[m[Kâ€™ was not declared in this scope
  194 |     request_publisher->publish([01;31m[Kmessage[m[K);
      |                                [01;31m[K^~~~~~~[m[K
[01m[K/home/lccc/Desktop/GXS_2024_VisionCode/src/binary_detector/src/binary.cpp:[m[K In member function â€˜[01m[Kstd::string QrDetector::detect(const cv::Mat&)[m[Kâ€™:
[01m[K/home/lccc/Desktop/GXS_2024_VisionCode/src/binary_detector/src/binary.cpp:97:1:[m[K [01;35m[Kwarning: [m[Kcontrol reaches end of non-void function [[01;35m[K]8;;https://gcc.gnu.org/onlinedocs/gcc/Warning-Options.html#index-Wreturn-type-Wreturn-type]8;;[m[K]
   97 | [01;35m[K}[m[K
      | [01;35m[K^[m[K
gmake[2]: *** [CMakeFiles/binary_detector.dir/build.make:76: CMakeFiles/binary_detector.dir/src/binary.cpp.o] Error 1
gmake[1]: *** [CMakeFiles/Makefile2:139: CMakeFiles/binary_detector.dir/all] Error 2
gmake: *** [Makefile:146: all] Error 2
