-- Found ament_cmake: 1.3.8 (/opt/ros/humble/share/ament_cmake/cmake)
-- Found rclcpp: 16.0.8 (/opt/ros/humble/share/rclcpp/cmake)
-- Found rosidl_generator_c: 3.1.5 (/opt/ros/humble/share/rosidl_generator_c/cmake)
-- Found rosidl_adapter: 3.1.5 (/opt/ros/humble/share/rosidl_adapter/cmake)
-- Found rosidl_generator_cpp: 3.1.5 (/opt/ros/humble/share/rosidl_generator_cpp/cmake)
-- Using all available rosidl_typesupport_c: rosidl_typesupport_fastrtps_c;rosidl_typesupport_introspection_c
-- Using all available rosidl_typesupport_cpp: rosidl_typesupport_fastrtps_cpp;rosidl_typesupport_introspection_cpp
-- Found rmw_implementation_cmake: 6.1.1 (/opt/ros/humble/share/rmw_implementation_cmake/cmake)
-- Found rmw_fastrtps_cpp: 6.2.6 (/opt/ros/humble/share/rmw_fastrtps_cpp/cmake)
-- Using RMW implementation 'rmw_fastrtps_cpp' as default
-- Found image_transport: 3.1.8 (/opt/ros/humble/share/image_transport/cmake)
-- Found cv_bridge: 3.2.1 (/opt/ros/humble/share/cv_bridge/cmake)
-- Found ament_lint_auto: 0.12.10 (/opt/ros/humble/share/ament_lint_auto/cmake)
-- Added test 'cppcheck' to perform static code analysis on C / C++ code
-- Configured cppcheck include dirs: 
-- Configured cppcheck exclude dirs and/or files: 
-- Added test 'lint_cmake' to check CMake code style
-- Added test 'uncrustify' to check C / C++ code style
-- Configured uncrustify additional arguments: 
-- Added test 'xmllint' to check XML markup files
-- Configuring done
-- Generating done
-- Build files have been written to: /home/jason/gxs/GXS_2024_VisionCode/build/camera_driver
[ 50%] [32mBuilding CXX object CMakeFiles/image_publisher.dir/src/camera_driver.cpp.o[0m
[01m[K/home/jason/gxs/GXS_2024_VisionCode/src/camera_driver/src/camera_driver.cpp:[m[K In constructor â€˜[01m[KImagePublisher::ImagePublisher()[m[Kâ€™:
[01m[K/home/jason/gxs/GXS_2024_VisionCode/src/camera_driver/src/camera_driver.cpp:11:48:[m[K [01;31m[Kerror: [m[Kno matching function for call to â€˜[01m[Kimage_transport::ImageTransport::ImageTransport(ImagePublisher*)[m[Kâ€™
   11 |         image_transport::ImageTransport it(this[01;31m[K)[m[K;
      |                                                [01;31m[K^[m[K
In file included from [01m[K/home/jason/gxs/GXS_2024_VisionCode/src/camera_driver/src/camera_driver.cpp:3[m[K:
[01m[K/opt/ros/humble/include/image_transport/image_transport/image_transport.hpp:111:12:[m[K [01;36m[Knote: [m[Kcandidate: â€˜[01m[Kimage_transport::ImageTransport::ImageTransport(rclcpp::Node::SharedPtr)[m[Kâ€™
  111 |   explicit [01;36m[KImageTransport[m[K(rclcpp::Node::SharedPtr node);
      |            [01;36m[K^~~~~~~~~~~~~~[m[K
[01m[K/opt/ros/humble/include/image_transport/image_transport/image_transport.hpp:111:51:[m[K [01;36m[Knote: [m[K  no known conversion for argument 1 from â€˜[01m[KImagePublisher*[m[Kâ€™ to â€˜[01m[Krclcpp::Node::SharedPtr[m[Kâ€™ {aka â€˜[01m[Kstd::shared_ptr<rclcpp::Node>[m[Kâ€™}
  111 |   explicit ImageTransport([01;36m[Krclcpp::Node::SharedPtr node[m[K);
      |                           [01;36m[K~~~~~~~~~~~~~~~~~~~~~~~~^~~~[m[K
gmake[2]: *** [CMakeFiles/image_publisher.dir/build.make:76: CMakeFiles/image_publisher.dir/src/camera_driver.cpp.o] Error 1
gmake[1]: *** [CMakeFiles/Makefile2:137: CMakeFiles/image_publisher.dir/all] Error 2
gmake: *** [Makefile:146: all] Error 2
