[01m[K/home/jason/gxs/GXS_2024_VisionCode/src/colorblock_detector/src/colorblock_new.cpp:[m[K In member function â€˜[01m[Kvoid SearchResponse::searchblock(qrmsg::msg::Qr_<std::allocator<void> >::SharedPtr)[m[Kâ€™:
[01m[K/home/jason/gxs/GXS_2024_VisionCode/src/colorblock_detector/src/colorblock_new.cpp:400:21:[m[K [01;31m[Kerror: [m[Kâ€˜[01m[Kdebug[m[Kâ€™ was not declared in this scope; did you mean â€˜[01m[Kif_debug[m[Kâ€™?
  400 |                 if ([01;31m[Kdebug[m[K)
      |                     [01;31m[K^~~~~[m[K
      |                     [32m[Kif_debug[m[K
gmake[2]: *** [CMakeFiles/colorblock.dir/build.make:76: CMakeFiles/colorblock.dir/src/colorblock_new.cpp.o] Error 1
gmake[1]: *** [CMakeFiles/Makefile2:137: CMakeFiles/colorblock.dir/all] Error 2
gmake: *** [Makefile:146: all] Error 2
