[01m[K/home/jason/gxs/GXS_2024_VisionCode/src/colorblock_detector/src/colorblock.cpp:[m[K In member function â€˜[01m[Kvoid SearchResponse::searchblock(qrmsg::msg::Qr_<std::allocator<void> >::SharedPtr)[m[Kâ€™:
[01m[K/home/jason/gxs/GXS_2024_VisionCode/src/colorblock_detector/src/colorblock.cpp:183:92:[m[K [01;31m[Kerror: [m[Kexpected primary-expression before â€˜[01m[K)[m[Kâ€™ token
  183 |             cv::Mat erode_kernel = getStructuringElement(cv::MORPH_RECT, cv::Size(13, 13), [01;31m[K)[m[K;
      |                                                                                            [01;31m[K^[m[K
[01m[K/home/jason/gxs/GXS_2024_VisionCode/src/colorblock_detector/src/colorblock.cpp:184:49:[m[K [01;31m[Kerror: [m[Kâ€˜[01m[Kiterations[m[Kâ€™ was not declared in this scope
  184 |             cv::erode(mask, mask, erode_kernel, [01;31m[Kiterations[m[K = 3);
      |                                                 [01;31m[K^~~~~~~~~~[m[K
gmake[2]: *** [CMakeFiles/colorblock.dir/build.make:76: CMakeFiles/colorblock.dir/src/colorblock.cpp.o] Error 1
gmake[1]: *** [CMakeFiles/Makefile2:137: CMakeFiles/colorblock.dir/all] Error 2
gmake: *** [Makefile:146: all] Error 2
