[35m[1mConsolidate compiler generated dependencies of target colorblock[0m
[ 50%] [32mBuilding CXX object CMakeFiles/colorblock.dir/src/colorblock.cpp.o[0m
[01m[K/home/jason/gxs/GXS_2024_VisionCode/src/colorblock_detector/src/colorblock.cpp:[m[K In member function â€˜[01m[Kvoid SearchResponse::searchblock(qrmsg::msg::Qr_<std::allocator<void> >::SharedPtr)[m[Kâ€™:
[01m[K/home/jason/gxs/GXS_2024_VisionCode/src/colorblock_detector/src/colorblock.cpp:184:30:[m[K [01;31m[Kerror: [m[Kâ€˜[01m[Knp[m[Kâ€™ was not declared in this scope
  184 |             cv::Mat kernel = [01;31m[Knp[m[K.ones((3, 3), dtype=np.uint8)
      |                              [01;31m[K^~[m[K
[01m[K/home/jason/gxs/GXS_2024_VisionCode/src/colorblock_detector/src/colorblock.cpp:184:46:[m[K [01;31m[Kerror: [m[Kâ€˜[01m[Kdtype[m[Kâ€™ was not declared in this scope; did you mean â€˜[01m[Kwctype[m[Kâ€™?
  184 |             cv::Mat kernel = np.ones((3, 3), [01;31m[Kdtype[m[K=np.uint8)
      |                                              [01;31m[K^~~~~[m[K
      |                                              [32m[Kwctype[m[K
[01m[K/home/jason/gxs/GXS_2024_VisionCode/src/colorblock_detector/src/colorblock.cpp:190:36:[m[K [01;31m[Kerror: [m[Kâ€˜[01m[Kcontours[m[Kâ€™ was not declared in this scope
  190 |             cv::findContours(mask, [01;31m[Kcontours[m[K, cv::RETR_EXTERNAL, cv::CHAIN_APPROX_SIMPLE);
      |                                    [01;31m[K^~~~~~~~[m[K
gmake[2]: *** [CMakeFiles/colorblock.dir/build.make:76: CMakeFiles/colorblock.dir/src/colorblock.cpp.o] Error 1
gmake[1]: *** [CMakeFiles/Makefile2:137: CMakeFiles/colorblock.dir/all] Error 2
gmake: *** [Makefile:146: all] Error 2
