[01m[K/home/minehill/GXS_VisionData/src/colorblock_detector/src/colorblock.cpp:[m[K In constructor â€˜[01m[KSearchResponse::SearchResponse(std::string)[m[Kâ€™:
[01m[K/home/minehill/GXS_VisionData/src/colorblock_detector/src/colorblock.cpp:14:30:[m[K [01;31m[Kerror: [m[Kâ€˜[01m[Kmymessage[m[Kâ€™ was not declared in this scope
   14 |         this->create_service<[01;31m[Kmymessage[m[K::srv::Sum>(
      |                              [01;31m[K^~~~~~~~~[m[K
[01m[K/home/minehill/GXS_VisionData/src/colorblock_detector/src/colorblock.cpp:14:15:[m[K [01;31m[Kerror: [m[Kparse error in template argument list
   14 |         this->[01;31m[Kcreate_service<mymessage::srv::Sum>[m[K(
      |               [01;31m[K^~~~~~~~~~~~~~~~~~~~~~~~~~~~~~~~~~~[m[K
[01m[K/home/minehill/GXS_VisionData/src/colorblock_detector/src/colorblock.cpp:14:50:[m[K [01;31m[Kerror: [m[Kno matching function for call to â€˜[01m[KSearchResponse::create_service<<expression error> >(const char [13], std::_Bind_helper<false, void (SearchResponse::*)(std::shared_ptr<qrmsg::srv::Qr_Request_<std::allocator<void> > >, std::shared_ptr<qrmsg::srv::Qr_Response_<std::allocator<void> > >), SearchResponse*, const std::_Placeholder<1>&, const std::_Placeholder<2>&>::type)[m[Kâ€™
   14 |         [01;31m[Kthis->create_service<mymessage::srv::Sum>([m[K
      |         [01;31m[K~~~~~~~~~~~~~~~~~~~~~~~~~~~~~~~~~~~~~~~~~^[m[K
   15 | [01;31m[K            "QrCallSearch",[m[K
      |             [01;31m[K~~~~~~~~~~~~~~~[m[K                       
   16 | [01;31m[K            std::bind(&SearchResponse::handle_searchblock, this,[m[K
      |             [01;31m[K~~~~~~~~~~~~~~~~~~~~~~~~~~~~~~~~~~~~~~~~~~~~~~~~~~~~[m[K
   17 | [01;31m[K                    std::placeholders::_1, std::placeholders::_2))[m[K;
      |                     [01;31m[K~~~~~~~~~~~~~~~~~~~~~~~~~~~~~~~~~~~~~~~~~~~~~~[m[K
In file included from [01m[K/opt/ros/humble/include/rclcpp/rclcpp/executors/single_threaded_executor.hpp:28[m[K,
                 from [01m[K/opt/ros/humble/include/rclcpp/rclcpp/executors.hpp:22[m[K,
                 from [01m[K/opt/ros/humble/include/rclcpp/rclcpp/rclcpp.hpp:155[m[K,
                 from [01m[K/home/minehill/GXS_VisionData/src/colorblock_detector/src/colorblock.cpp:1[m[K:
[01m[K/opt/ros/humble/include/rclcpp/rclcpp/node.hpp:267:3:[m[K [01;36m[Knote: [m[Kcandidate: â€˜[01m[Ktemplate<class ServiceT, class CallbackT> typename rclcpp::Service<ServiceT>::SharedPtr rclcpp::Node::create_service(const string&, CallbackT&&, const rmw_qos_profile_t&, rclcpp::CallbackGroup::SharedPtr)[m[Kâ€™
  267 |   [01;36m[Kcreate_service[m[K(
      |   [01;36m[K^~~~~~~~~~~~~~[m[K
[01m[K/opt/ros/humble/include/rclcpp/rclcpp/node.hpp:267:3:[m[K [01;36m[Knote: [m[K  template argument deduction/substitution failed:
[01m[K/home/minehill/GXS_VisionData/src/colorblock_detector/src/colorblock.cpp:14:50:[m[K [01;31m[Kerror: [m[Ktemplate argument 1 is invalid
   14 |         [01;31m[Kthis->create_service<mymessage::srv::Sum>([m[K
      |         [01;31m[K~~~~~~~~~~~~~~~~~~~~~~~~~~~~~~~~~~~~~~~~~^[m[K
   15 | [01;31m[K            "QrCallSearch",[m[K
      |             [01;31m[K~~~~~~~~~~~~~~~[m[K                       
   16 | [01;31m[K            std::bind(&SearchResponse::handle_searchblock, this,[m[K
      |             [01;31m[K~~~~~~~~~~~~~~~~~~~~~~~~~~~~~~~~~~~~~~~~~~~~~~~~~~~~[m[K
   17 | [01;31m[K                    std::placeholders::_1, std::placeholders::_2))[m[K;
      |                     [01;31m[K~~~~~~~~~~~~~~~~~~~~~~~~~~~~~~~~~~~~~~~~~~~~~~[m[K
gmake[2]: *** [CMakeFiles/colorblock.dir/build.make:76: CMakeFiles/colorblock.dir/src/colorblock.cpp.o] Error 1
gmake[1]: *** [CMakeFiles/Makefile2:137: CMakeFiles/colorblock.dir/all] Error 2
gmake: *** [Makefile:146: all] Error 2
