[ 50%] [32mBuilding CXX object CMakeFiles/colorblock.dir/src/colorblock_new.cpp.o[0m
In file included from [01m[K/opt/ros/humble/include/rclcpp/rclcpp/client.hpp:40[m[K,
                 from [01m[K/opt/ros/humble/include/rclcpp/rclcpp/callback_group.hpp:24[m[K,
                 from [01m[K/opt/ros/humble/include/rclcpp/rclcpp/any_executable.hpp:20[m[K,
                 from [01m[K/opt/ros/humble/include/rclcpp/rclcpp/memory_strategy.hpp:25[m[K,
                 from [01m[K/opt/ros/humble/include/rclcpp/rclcpp/memory_strategies.hpp:18[m[K,
                 from [01m[K/opt/ros/humble/include/rclcpp/rclcpp/executor_options.hpp:20[m[K,
                 from [01m[K/opt/ros/humble/include/rclcpp/rclcpp/executor.hpp:37[m[K,
                 from [01m[K/opt/ros/humble/include/rclcpp/rclcpp/executors/multi_threaded_executor.hpp:25[m[K,
                 from [01m[K/opt/ros/humble/include/rclcpp/rclcpp/executors.hpp:21[m[K,
                 from [01m[K/opt/ros/humble/include/rclcpp/rclcpp/rclcpp.hpp:155[m[K,
                 from [01m[K/home/lccc/Desktop/GXS_2024_VisionCode/src/colorblock_detector/src/colorblock_new.cpp:1[m[K:
[01m[K/home/lccc/Desktop/GXS_2024_VisionCode/src/colorblock_detector/src/colorblock_new.cpp:[m[K In member function â€˜[01m[Kvoid SearchResponse::searchblock(qrmsg::msg::Qr_<std::allocator<void> >::SharedPtr)[m[Kâ€™:
[01m[K/home/lccc/Desktop/GXS_2024_VisionCode/src/colorblock_detector/src/colorblock_new.cpp:450:29:[m[K [01;31m[Kerror: [m[Kâ€˜[01m[Kthie[m[Kâ€™ was not declared in this scope; did you mean â€˜[01m[Kthis[m[Kâ€™?
  450 |                 RCLCPP_INFO([01;31m[Kthie[m[K->get_logger(), "put to pick ring");
      |                             [01;31m[K^~~~[m[K
[01m[K/home/lccc/Desktop/GXS_2024_VisionCode/src/colorblock_detector/src/colorblock_new.cpp:450:17:[m[K [01;31m[Kerror: [m[Ktemplate argument 1 is invalid
  450 |                 [01;31m[KRCLCPP_INFO[m[K(thie->get_logger(), "put to pick ring");
      |                 [01;31m[K^~~~~~~~~~~[m[K
[01m[K/home/lccc/Desktop/GXS_2024_VisionCode/src/colorblock_detector/src/colorblock_new.cpp:450:17:[m[K [01;31m[Kerror: [m[Ktemplate argument 1 is invalid
  450 |                 [01;31m[KRCLCPP_INFO[m[K(thie->get_logger(), "put to pick ring");
      |                 [01;31m[K^~~~~~~~~~~[m[K
[01m[K/home/lccc/Desktop/GXS_2024_VisionCode/src/colorblock_detector/src/colorblock_new.cpp:450:17:[m[K [01;31m[Kerror: [m[Ktemplate argument 1 is invalid
  450 |                 [01;31m[KRCLCPP_INFO[m[K(thie->get_logger(), "put to pick ring");
      |                 [01;31m[K^~~~~~~~~~~[m[K
[01m[K/home/lccc/Desktop/GXS_2024_VisionCode/src/colorblock_detector/src/colorblock_new.cpp:576:29:[m[K [01;31m[Kerror: [m[Kâ€˜[01m[Kthie[m[Kâ€™ was not declared in this scope; did you mean â€˜[01m[Kthis[m[Kâ€™?
  576 |                 RCLCPP_INFO([01;31m[Kthie[m[K->get_logger(), "pick colorblock in color ring");
      |                             [01;31m[K^~~~[m[K
[01m[K/home/lccc/Desktop/GXS_2024_VisionCode/src/colorblock_detector/src/colorblock_new.cpp:576:17:[m[K [01;31m[Kerror: [m[Ktemplate argument 1 is invalid
  576 |                 [01;31m[KRCLCPP_INFO[m[K(thie->get_logger(), "pick colorblock in color ring");
      |                 [01;31m[K^~~~~~~~~~~[m[K
[01m[K/home/lccc/Desktop/GXS_2024_VisionCode/src/colorblock_detector/src/colorblock_new.cpp:576:17:[m[K [01;31m[Kerror: [m[Ktemplate argument 1 is invalid
  576 |                 [01;31m[KRCLCPP_INFO[m[K(thie->get_logger(), "pick colorblock in color ring");
      |                 [01;31m[K^~~~~~~~~~~[m[K
[01m[K/home/lccc/Desktop/GXS_2024_VisionCode/src/colorblock_detector/src/colorblock_new.cpp:576:17:[m[K [01;31m[Kerror: [m[Ktemplate argument 1 is invalid
  576 |                 [01;31m[KRCLCPP_INFO[m[K(thie->get_logger(), "pick colorblock in color ring");
      |                 [01;31m[K^~~~~~~~~~~[m[K
gmake[2]: *** [CMakeFiles/colorblock.dir/build.make:76: CMakeFiles/colorblock.dir/src/colorblock_new.cpp.o] Error 1
gmake[1]: *** [CMakeFiles/Makefile2:137: CMakeFiles/colorblock.dir/all] Error 2
gmake: *** [Makefile:146: all] Error 2
