[01m[K/home/jason/gxs/GXS_2024_VisionCode/src/binary_detector/src/binary.cpp:[m[K In constructor â€˜[01m[KQrRequest::QrRequest(std::string, int*)[m[Kâ€™:
[01m[K/home/jason/gxs/GXS_2024_VisionCode/src/binary_detector/src/binary.cpp:83:38:[m[K [01;31m[Kerror: [m[Kâ€˜[01m[Kway[m[Kâ€™ was not declared in this scope; did you mean â€˜[01m[Kway_[m[Kâ€™?
   83 |         send_request(arr[now_index], [01;31m[Kway[m[K);
      |                                      [01;31m[K^~~[m[K
      |                                      [32m[Kway_[m[K
gmake[2]: *** [CMakeFiles/binary_detector.dir/build.make:76: CMakeFiles/binary_detector.dir/src/binary.cpp.o] Error 1
gmake[1]: *** [CMakeFiles/Makefile2:139: CMakeFiles/binary_detector.dir/all] Error 2
gmake: *** [Makefile:146: all] Error 2
