[0.008s] Invoking command in '/home/jason/gxs/GXS_2024_VisionCode/build/binary_detector': AMENT_PREFIX_PATH=/home/jason/gxs/GXS_2024_VisionCode/install/qrmsg:${AMENT_PREFIX_PATH} CMAKE_PREFIX_PATH=/home/jason/gxs/GXS_2024_VisionCode/install/qrmsg:/opt/ros/humble LD_LIBRARY_PATH=/home/jason/gxs/GXS_2024_VisionCode/install/qrmsg/lib:/opt/MVS/lib/64:/opt/MVS/lib/32:/usr/lib/x86_64-linux-gnu/gazebo-11/plugins:/opt/ros/humble/opt/rviz_ogre_vendor/lib:/opt/ros/humble/lib/x86_64-linux-gnu:/opt/ros/humble/lib:/opt/MVS/lib/64:/opt/MVS/lib/32:/opt/MVS/lib/64:/opt/MVS/lib/32 PYTHONPATH=/home/jason/gxs/GXS_2024_VisionCode/install/qrmsg/local/lib/python3.10/dist-packages:${PYTHONPATH} /usr/bin/cmake --build /home/jason/gxs/GXS_2024_VisionCode/build/binary_detector -- -j16 -l16
[0.042s] [ 25%] [32mBuilding CXX object CMakeFiles/binary_detector.dir/src/binary.cpp.o[0m
[1.868s] In file included from [01m[K/home/jason/gxs/GXS_2024_VisionCode/src/binary_detector/src/binary.cpp:1[m[K:
[1.868s] [01m[K/home/jason/gxs/GXS_2024_VisionCode/src/binary_detector/include/binary_detector/binary.hpp:30:30:[m[K [01;31m[Kerror: [m[Kâ€˜[01m[Ksensor_msgs[m[Kâ€™ was not declared in this scope
[1.869s]    30 |         rclcpp::Subscription<[01;31m[Ksensor_msgs[m[K::msg::Image>::SharedPtr img_subscriber_;
[1.869s]       |                              [01;31m[K^~~~~~~~~~~[m[K
[1.869s] [01m[K/home/jason/gxs/GXS_2024_VisionCode/src/binary_detector/include/binary_detector/binary.hpp:30:53:[m[K [01;31m[Kerror: [m[Ktemplate argument 1 is invalid
[1.869s]    30 |         rclcpp::Subscription<sensor_msgs::msg::Image[01;31m[K>[m[K::SharedPtr img_subscriber_;
[1.869s]       |                                                     [01;31m[K^[m[K
[1.869s] [01m[K/home/jason/gxs/GXS_2024_VisionCode/src/binary_detector/include/binary_detector/binary.hpp:30:53:[m[K [01;31m[Kerror: [m[Ktemplate argument 3 is invalid
[1.869s] [01m[K/home/jason/gxs/GXS_2024_VisionCode/src/binary_detector/include/binary_detector/binary.hpp:30:53:[m[K [01;31m[Kerror: [m[Ktemplate argument 4 is invalid
[1.869s] [01m[K/home/jason/gxs/GXS_2024_VisionCode/src/binary_detector/include/binary_detector/binary.hpp:30:53:[m[K [01;31m[Kerror: [m[Ktemplate argument 5 is invalid
[1.869s] [01m[K/home/jason/gxs/GXS_2024_VisionCode/src/binary_detector/include/binary_detector/binary.hpp:30:56:[m[K [01;31m[Kerror: [m[Kexpected â€˜[01m[K;[m[Kâ€™ at end of member declaration
[1.869s]    30 |         rclcpp::Subscription<sensor_msgs::msg::Image>::[01;31m[KSharedPtr[m[K img_subscriber_;
[1.869s]       |                                                        [01;31m[K^~~~~~~~~[m[K
[1.869s]       |                                                                 [32m[K;[m[K
[1.871s] [01m[K/home/jason/gxs/GXS_2024_VisionCode/src/binary_detector/include/binary_detector/binary.hpp:30:66:[m[K [01;31m[Kerror: [m[Kâ€˜[01m[Kimg_subscriber_[m[Kâ€™ does not name a type
[1.871s]    30 |    rclcpp::Subscription<sensor_msgs::msg::Image>::SharedPtr [01;31m[Kimg_subscriber_[m[K;
[1.871s]       |                                                             [01;31m[K^~~~~~~~~~~~~~~[m[K
[1.871s] 
[1.873s] [01m[K/home/jason/gxs/GXS_2024_VisionCode/src/binary_detector/include/binary_detector/binary.hpp:32:35:[m[K [01;31m[Kerror: [m[Kâ€˜[01m[Ksensor_msgs[m[Kâ€™ does not name a type
[1.873s]    32 |         void image_callback(const [01;31m[Ksensor_msgs[m[K::msg::Image::SharedPtr msg)
[1.873s]       |                                   [01;31m[K^~~~~~~~~~~[m[K
[1.873s] [01m[K/home/jason/gxs/GXS_2024_VisionCode/src/binary_detector/include/binary_detector/binary.hpp:32:51:[m[K [01;31m[Kerror: [m[Kexpected unqualified-id before â€˜[01m[K::[m[Kâ€™ token
[1.873s]    32 |         void image_callback(const sensor_msgs::msg[01;31m[K::[m[KImage::SharedPtr msg)
[1.873s]       |                                                   [01;31m[K^~[m[K
[1.873s] [01m[K/home/jason/gxs/GXS_2024_VisionCode/src/binary_detector/include/binary_detector/binary.hpp:32:51:[m[K [01;31m[Kerror: [m[Kexpected â€˜[01m[K)[m[Kâ€™ before â€˜[01m[K::[m[Kâ€™ token
[1.873s]    32 |         void image_callback[34m[K([m[Kconst sensor_msgs::msg[01;31m[K:[m[K[32m[K:[m[KImage::SharedPtr msg)
[1.874s]       |                            [34m[K~[m[K                      [01;31m[K^[m[K[32m[K~[m[K
[1.874s]       |                                                   [32m[K)[m[K
[1.874s] [01m[K/home/jason/gxs/GXS_2024_VisionCode/src/binary_detector/include/binary_detector/binary.hpp:32:48:[m[K [01;31m[Kerror: [m[Kexpected â€˜[01m[K;[m[Kâ€™ at end of member declaration
[1.874s]    32 |         void image_callback(const sensor_msgs::[01;31m[Kmsg[m[K::Image::SharedPtr msg)
[1.874s]       |                                                [01;31m[K^~~[m[K
[1.874s]       |                                                   [32m[K;[m[K
[1.874s] [01m[K/home/jason/gxs/GXS_2024_VisionCode/src/binary_detector/include/binary_detector/binary.hpp:32:60:[m[K [01;31m[Kerror: [m[Kâ€˜[01m[KSharedPtr[m[Kâ€™ in â€˜[01m[Kclass zbar::Image[m[Kâ€™ does not name a type
[1.874s]    32 |         void image_callback(const sensor_msgs::msg::Image::[01;31m[KSharedPtr[m[K msg)
[1.874s]       |                                                            [01;31m[K^~~~~~~~~[m[K
[1.905s] [01m[K/home/jason/gxs/GXS_2024_VisionCode/src/binary_detector/include/binary_detector/binary.hpp:66:61:[m[K [01;31m[Kerror: [m[Kexpected â€˜[01m[K;[m[Kâ€™ at end of member declaration
[1.905s]    66 |   void send_request(const std_msgs::msg::Bool::SharedPtr msg[01;31m[K)[m[K
[1.905s]       |                                                             [01;31m[K^[m[K
[1.905s]       |                                                              [32m[K;[m[K
[1.912s] [01m[K/home/jason/gxs/GXS_2024_VisionCode/src/binary_detector/src/binary.cpp:[m[K In constructor â€˜[01m[KQrDetector::QrDetector()[m[Kâ€™:
[1.912s] [01m[K/home/jason/gxs/GXS_2024_VisionCode/src/binary_detector/src/binary.cpp:20:5:[m[K [01;31m[Kerror: [m[Kâ€˜[01m[Kimg_subscriber_[m[Kâ€™ was not declared in this scope
[1.912s]    20 |     [01;31m[Kimg_subscriber_[m[K = this->create_subscription<sensor_msgs::msg::Image>(
[1.912s]       |     [01;31m[K^~~~~~~~~~~~~~~[m[K
[1.912s] [01m[K/home/jason/gxs/GXS_2024_VisionCode/src/binary_detector/src/binary.cpp:20:29:[m[K [01;31m[Kerror: [m[Kâ€˜[01m[Kclass QrDetector[m[Kâ€™ has no member named â€˜[01m[Kcreate_subscription[m[Kâ€™
[1.912s]    20 |     img_subscriber_ = this->[01;31m[Kcreate_subscription[m[K<sensor_msgs::msg::Image>(
[1.912s]       |                             [01;31m[K^~~~~~~~~~~~~~~~~~~[m[K
[1.912s] [01m[K/home/jason/gxs/GXS_2024_VisionCode/src/binary_detector/src/binary.cpp:20:49:[m[K [01;31m[Kerror: [m[Kâ€˜[01m[Ksensor_msgs[m[Kâ€™ has not been declared
[1.912s]    20 |     img_subscriber_ = this->create_subscription<[01;31m[Ksensor_msgs[m[K::msg::Image>(
[1.912s]       |                                                 [01;31m[K^~~~~~~~~~~[m[K
[2.117s] [01m[K/home/jason/gxs/GXS_2024_VisionCode/src/binary_detector/src/binary.cpp:[m[K At global scope:
[2.117s] [01m[K/home/jason/gxs/GXS_2024_VisionCode/src/binary_detector/src/binary.cpp:30:39:[m[K [01;31m[Kerror: [m[Kâ€˜[01m[Ksensor_msgs[m[Kâ€™ does not name a type
[2.117s]    30 | void QrDetector::image_callback(const [01;31m[Ksensor_msgs[m[K::msg::Image::SharedPtr msg) {
[2.117s]       |                                       [01;31m[K^~~~~~~~~~~[m[K
[2.117s] [01m[K/home/jason/gxs/GXS_2024_VisionCode/src/binary_detector/src/binary.cpp:30:55:[m[K [01;31m[Kerror: [m[Kexpected unqualified-id before â€˜[01m[K::[m[Kâ€™ token
[2.117s]    30 | void QrDetector::image_callback(const sensor_msgs::msg[01;31m[K::[m[KImage::SharedPtr msg) {
[2.117s]       |                                                       [01;31m[K^~[m[K
[2.117s] [01m[K/home/jason/gxs/GXS_2024_VisionCode/src/binary_detector/src/binary.cpp:30:55:[m[K [01;31m[Kerror: [m[Kexpected â€˜[01m[K)[m[Kâ€™ before â€˜[01m[K::[m[Kâ€™ token
[2.117s]    30 | void QrDetector::image_callback[34m[K([m[Kconst sensor_msgs::msg[01;31m[K:[m[K[32m[K:[m[KImage::SharedPtr msg) {
[2.117s]       |                                [34m[K~[m[K                      [01;31m[K^[m[K[32m[K~[m[K
[2.117s]       |                                                       [32m[K)[m[K
[2.117s] [01m[K/home/jason/gxs/GXS_2024_VisionCode/src/binary_detector/src/binary.cpp:30:55:[m[K [01;31m[Kerror: [m[Kexpected initializer before â€˜[01m[K::[m[Kâ€™ token
[2.117s]    30 | void QrDetector::image_callback(const sensor_msgs::msg[01;31m[K::[m[KImage::SharedPtr msg) {
[2.117s]       |                                                       [01;31m[K^~[m[K
[2.128s] In file included from [01m[K/opt/ros/humble/include/rclcpp/rclcpp/logging.hpp:24[m[K,
[2.128s]                  from [01m[K/opt/ros/humble/include/rclcpp/rclcpp/client.hpp:40[m[K,
[2.128s]                  from [01m[K/opt/ros/humble/include/rclcpp/rclcpp/callback_group.hpp:24[m[K,
[2.128s]                  from [01m[K/opt/ros/humble/include/rclcpp/rclcpp/any_executable.hpp:20[m[K,
[2.128s]                  from [01m[K/opt/ros/humble/include/rclcpp/rclcpp/memory_strategy.hpp:25[m[K,
[2.128s]                  from [01m[K/opt/ros/humble/include/rclcpp/rclcpp/memory_strategies.hpp:18[m[K,
[2.128s]                  from [01m[K/opt/ros/humble/include/rclcpp/rclcpp/executor_options.hpp:20[m[K,
[2.128s]                  from [01m[K/opt/ros/humble/include/rclcpp/rclcpp/executor.hpp:37[m[K,
[2.129s]                  from [01m[K/opt/ros/humble/include/rclcpp/rclcpp/executors/multi_threaded_executor.hpp:25[m[K,
[2.129s]                  from [01m[K/opt/ros/humble/include/rclcpp/rclcpp/executors.hpp:21[m[K,
[2.129s]                  from [01m[K/opt/ros/humble/include/rclcpp/rclcpp/rclcpp.hpp:155[m[K,
[2.129s]                  from [01m[K/home/jason/gxs/GXS_2024_VisionCode/src/binary_detector/include/binary_detector/binary.hpp:10[m[K,
[2.129s]                  from [01m[K/home/jason/gxs/GXS_2024_VisionCode/src/binary_detector/src/binary.cpp:1[m[K:
[2.129s] [01m[K/home/jason/gxs/GXS_2024_VisionCode/src/binary_detector/src/binary.cpp:[m[K In member function â€˜[01m[Kvoid QrRequest::send_request(std_msgs::msg::Bool_<std::allocator<void> >::SharedPtr)[m[Kâ€™:
[2.129s] [01m[K/home/jason/gxs/GXS_2024_VisionCode/src/binary_detector/src/binary.cpp:144:37:[m[K [01;35m[Kwarning: [m[Kformat â€˜[01m[K%d[m[Kâ€™ expects argument of type â€˜[01m[Kint[m[Kâ€™, but argument 6 has type â€˜[01m[Kqrmsg::msg::Qr_<std::allocator<void> >::_num_type[m[Kâ€™ {aka â€˜[01m[Klong int[m[Kâ€™} [[01;35m[K]8;;https://gcc.gnu.org/onlinedocs/gcc/Warning-Options.html#index-Wformat=-Wformat=]8;;[m[K]
[2.129s]   144 |     RCLCPP_INFO(this->get_logger(), [01;35m[K"now_index: %d, now_num: %d"[m[K, now_index, [32m[Kmessage.num[m[K);
[2.129s]       |                                     [01;35m[K^~~~~~~~~~~~~~~~~~~~~~~~~~~~[m[K             [32m[K~~~~~~~~~~~[m[K
[2.129s]       |                                                                                      [32m[K|[m[K
[2.129s]       |                                                                                      [32m[Kqrmsg::msg::Qr_<std::allocator<void> >::_num_type {aka long int}[m[K
[2.129s] [01m[K/home/jason/gxs/GXS_2024_VisionCode/src/binary_detector/src/binary.cpp:144:63:[m[K [01;36m[Knote: [m[Kformat string is defined here
[2.129s]   144 |   RCLCPP_INFO(this->get_logger(), "now_index: %d, now_num: [01;36m[K%d[m[K", now_index, message.num);
[2.129s]       |                                                            [01;36m[K~^[m[K
[2.129s]       |                                                             [01;36m[K|[m[K
[2.129s]       |                                                             [01;36m[Kint[m[K
[2.129s]       |                                                            [32m[K%ld[m[K
[3.472s] gmake[2]: *** [CMakeFiles/binary_detector.dir/build.make:76: CMakeFiles/binary_detector.dir/src/binary.cpp.o] Error 1
[3.472s] gmake[1]: *** [CMakeFiles/Makefile2:139: CMakeFiles/binary_detector.dir/all] Error 2
[3.472s] gmake: *** [Makefile:146: all] Error 2
[3.474s] Invoked command in '/home/jason/gxs/GXS_2024_VisionCode/build/binary_detector' returned '2': AMENT_PREFIX_PATH=/home/jason/gxs/GXS_2024_VisionCode/install/qrmsg:${AMENT_PREFIX_PATH} CMAKE_PREFIX_PATH=/home/jason/gxs/GXS_2024_VisionCode/install/qrmsg:/opt/ros/humble LD_LIBRARY_PATH=/home/jason/gxs/GXS_2024_VisionCode/install/qrmsg/lib:/opt/MVS/lib/64:/opt/MVS/lib/32:/usr/lib/x86_64-linux-gnu/gazebo-11/plugins:/opt/ros/humble/opt/rviz_ogre_vendor/lib:/opt/ros/humble/lib/x86_64-linux-gnu:/opt/ros/humble/lib:/opt/MVS/lib/64:/opt/MVS/lib/32:/opt/MVS/lib/64:/opt/MVS/lib/32 PYTHONPATH=/home/jason/gxs/GXS_2024_VisionCode/install/qrmsg/local/lib/python3.10/dist-packages:${PYTHONPATH} /usr/bin/cmake --build /home/jason/gxs/GXS_2024_VisionCode/build/binary_detector -- -j16 -l16
