[0.009s] Invoking command in '/home/jason/gxs/GXS_2024_VisionCode/build/colorblock_detector': AMENT_PREFIX_PATH=/home/jason/gxs/GXS_2024_VisionCode/install/qrmsg:${AMENT_PREFIX_PATH} CMAKE_PREFIX_PATH=/home/jason/gxs/GXS_2024_VisionCode/install/qrmsg:/opt/ros/humble LD_LIBRARY_PATH=/home/jason/gxs/GXS_2024_VisionCode/install/qrmsg/lib:/opt/MVS/lib/64:/opt/MVS/lib/32:/usr/lib/x86_64-linux-gnu/gazebo-11/plugins:/opt/ros/humble/opt/rviz_ogre_vendor/lib:/opt/ros/humble/lib/x86_64-linux-gnu:/opt/ros/humble/lib:/opt/MVS/lib/64:/opt/MVS/lib/32:/opt/MVS/lib/64:/opt/MVS/lib/32 PYTHONPATH=/home/jason/gxs/GXS_2024_VisionCode/install/qrmsg/local/lib/python3.10/dist-packages:${PYTHONPATH} /usr/bin/cmake --build /home/jason/gxs/GXS_2024_VisionCode/build/colorblock_detector -- -j16 -l16
[0.036s] [35m[1mConsolidate compiler generated dependencies of target colorblock[0m
[0.052s] [ 50%] [32mBuilding CXX object CMakeFiles/colorblock.dir/src/colorblock.cpp.o[0m
[1.817s] [01m[K/home/jason/gxs/GXS_2024_VisionCode/src/colorblock_detector/src/colorblock.cpp:[m[K In constructor â€˜[01m[KSearchResponse::SearchResponse(std::string)[m[Kâ€™:
[1.817s] [01m[K/home/jason/gxs/GXS_2024_VisionCode/src/colorblock_detector/src/colorblock.cpp:40:9:[m[K [01;31m[Kerror: [m[Kâ€˜[01m[Kexecutor_[m[Kâ€™ was not declared in this scope
[1.817s]    40 |         [01;31m[Kexecutor_[m[K = std::make_shared<rclcpp::executors::MultiThreadedExecutor>();
[1.817s]       |         [01;31m[K^~~~~~~~~[m[K
[1.825s] [01m[K/home/jason/gxs/GXS_2024_VisionCode/src/colorblock_detector/src/colorblock.cpp:[m[K In member function â€˜[01m[Kvoid SearchResponse::spin()[m[Kâ€™:
[1.825s] [01m[K/home/jason/gxs/GXS_2024_VisionCode/src/colorblock_detector/src/colorblock.cpp:61:8:[m[K [01;31m[Kerror: [m[Kâ€˜[01m[Kexecutor_[m[Kâ€™ was not declared in this scope
[1.825s]    61 |        [01;31m[Kexecutor_[m[K->spin();
[1.825s]       |        [01;31m[K^~~~~~~~~[m[K
[1.827s] [01m[K/home/jason/gxs/GXS_2024_VisionCode/src/colorblock_detector/src/colorblock.cpp:[m[K In member function â€˜[01m[Kvoid SearchResponse::image_callback(sensor_msgs::msg::Image_<std::allocator<void> >::SharedPtr)[m[Kâ€™:
[1.828s] [01m[K/home/jason/gxs/GXS_2024_VisionCode/src/colorblock_detector/src/colorblock.cpp:87:8:[m[K [01;31m[Kerror: [m[Kâ€˜[01m[Kcv_bridge[m[Kâ€™ has not been declared
[1.828s]    87 |        [01;31m[Kcv_bridge[m[K::CvImagePtr cv_ptr = cv_bridge::toCvCopy(msg, "bgr8");
[1.828s]       |        [01;31m[K^~~~~~~~~[m[K
[1.831s] [01m[K/home/jason/gxs/GXS_2024_VisionCode/src/colorblock_detector/src/colorblock.cpp:88:17:[m[K [01;31m[Kerror: [m[Kâ€˜[01m[Kcv_ptr[m[Kâ€™ was not declared in this scope; did you mean â€˜[01m[Ksi_ptr[m[Kâ€™?
[1.831s]    88 |        frame_ = [01;31m[Kcv_ptr[m[K->image;
[1.832s]       |                 [01;31m[K^~~~~~[m[K
[1.832s]       |                 [32m[Ksi_ptr[m[K
[1.838s] [01m[K/home/jason/gxs/GXS_2024_VisionCode/src/colorblock_detector/src/colorblock.cpp:[m[K In member function â€˜[01m[Kvoid SearchResponse::handle_searchblock(std::shared_ptr<qrmsg::srv::Qr_Request_<std::allocator<void> > >, std::shared_ptr<qrmsg::srv::Qr_Response_<std::allocator<void> > >)[m[Kâ€™:
[1.838s] [01m[K/home/jason/gxs/GXS_2024_VisionCode/src/colorblock_detector/src/colorblock.cpp:137:13:[m[K [01;31m[Kerror: [m[Kâ€˜[01m[Kcap[m[Kâ€™ was not declared in this scope
[1.838s]   137 |             [01;31m[Kcap[m[K.read(frame);
[1.838s]       |             [01;31m[K^~~[m[K
[1.838s] [01m[K/home/jason/gxs/GXS_2024_VisionCode/src/colorblock_detector/src/colorblock.cpp:138:28:[m[K [01;31m[Kerror: [m[Kâ€˜[01m[Kclass cv::Mat[m[Kâ€™ has no member named â€˜[01m[Kcopy[m[Kâ€™
[1.838s]   138 |             frame = frame_.[01;31m[Kcopy[m[K();
[1.838s]       |                            [01;31m[K^~~~[m[K
[3.617s] gmake[2]: *** [CMakeFiles/colorblock.dir/build.make:76: CMakeFiles/colorblock.dir/src/colorblock.cpp.o] Error 1
[3.618s] gmake[1]: *** [CMakeFiles/Makefile2:137: CMakeFiles/colorblock.dir/all] Error 2
[3.618s] gmake: *** [Makefile:146: all] Error 2
[3.620s] Invoked command in '/home/jason/gxs/GXS_2024_VisionCode/build/colorblock_detector' returned '2': AMENT_PREFIX_PATH=/home/jason/gxs/GXS_2024_VisionCode/install/qrmsg:${AMENT_PREFIX_PATH} CMAKE_PREFIX_PATH=/home/jason/gxs/GXS_2024_VisionCode/install/qrmsg:/opt/ros/humble LD_LIBRARY_PATH=/home/jason/gxs/GXS_2024_VisionCode/install/qrmsg/lib:/opt/MVS/lib/64:/opt/MVS/lib/32:/usr/lib/x86_64-linux-gnu/gazebo-11/plugins:/opt/ros/humble/opt/rviz_ogre_vendor/lib:/opt/ros/humble/lib/x86_64-linux-gnu:/opt/ros/humble/lib:/opt/MVS/lib/64:/opt/MVS/lib/32:/opt/MVS/lib/64:/opt/MVS/lib/32 PYTHONPATH=/home/jason/gxs/GXS_2024_VisionCode/install/qrmsg/local/lib/python3.10/dist-packages:${PYTHONPATH} /usr/bin/cmake --build /home/jason/gxs/GXS_2024_VisionCode/build/colorblock_detector -- -j16 -l16
