[0.013s] Invoking command in '/home/minehill/GXS_VisionData/src/build/colorblock_detector': CMAKE_PREFIX_PATH=${CMAKE_PREFIX_PATH}:/opt/ros/humble /usr/bin/cmake --build /home/minehill/GXS_VisionData/src/build/colorblock_detector -- -j8 -l8
[0.054s] [ 50%] [32mBuilding CXX object CMakeFiles/colorblock.dir/src/colorblock.cpp.o[0m
[3.475s] [01m[K/home/minehill/GXS_VisionData/src/colorblock_detector/src/colorblock.cpp:[m[K In constructor â€˜[01m[KSearchResponse::SearchResponse(std::string)[m[Kâ€™:
[3.476s] [01m[K/home/minehill/GXS_VisionData/src/colorblock_detector/src/colorblock.cpp:14:30:[m[K [01;31m[Kerror: [m[Kâ€˜[01m[Kmymessage[m[Kâ€™ was not declared in this scope
[3.476s]    14 |         this->create_service<[01;31m[Kmymessage[m[K::srv::Sum>(
[3.476s]       |                              [01;31m[K^~~~~~~~~[m[K
[3.476s] [01m[K/home/minehill/GXS_VisionData/src/colorblock_detector/src/colorblock.cpp:14:15:[m[K [01;31m[Kerror: [m[Kparse error in template argument list
[3.476s]    14 |         this->[01;31m[Kcreate_service<mymessage::srv::Sum>[m[K(
[3.476s]       |               [01;31m[K^~~~~~~~~~~~~~~~~~~~~~~~~~~~~~~~~~~[m[K
[3.581s] [01m[K/home/minehill/GXS_VisionData/src/colorblock_detector/src/colorblock.cpp:14:50:[m[K [01;31m[Kerror: [m[Kno matching function for call to â€˜[01m[KSearchResponse::create_service<<expression error> >(const char [13], std::_Bind_helper<false, void (SearchResponse::*)(std::shared_ptr<qrmsg::srv::Qr_Request_<std::allocator<void> > >, std::shared_ptr<qrmsg::srv::Qr_Response_<std::allocator<void> > >), SearchResponse*, const std::_Placeholder<1>&, const std::_Placeholder<2>&>::type)[m[Kâ€™
[3.581s]    14 |         [01;31m[Kthis->create_service<mymessage::srv::Sum>([m[K
[3.581s]       |         [01;31m[K~~~~~~~~~~~~~~~~~~~~~~~~~~~~~~~~~~~~~~~~~^[m[K
[3.582s]    15 | [01;31m[K            "QrCallSearch",[m[K
[3.582s]       |             [01;31m[K~~~~~~~~~~~~~~~[m[K                       
[3.582s]    16 | [01;31m[K            std::bind(&SearchResponse::handle_searchblock, this,[m[K
[3.582s]       |             [01;31m[K~~~~~~~~~~~~~~~~~~~~~~~~~~~~~~~~~~~~~~~~~~~~~~~~~~~~[m[K
[3.582s]    17 | [01;31m[K                    std::placeholders::_1, std::placeholders::_2))[m[K;
[3.582s]       |                     [01;31m[K~~~~~~~~~~~~~~~~~~~~~~~~~~~~~~~~~~~~~~~~~~~~~~[m[K
[3.582s] In file included from [01m[K/opt/ros/humble/include/rclcpp/rclcpp/executors/single_threaded_executor.hpp:28[m[K,
[3.582s]                  from [01m[K/opt/ros/humble/include/rclcpp/rclcpp/executors.hpp:22[m[K,
[3.582s]                  from [01m[K/opt/ros/humble/include/rclcpp/rclcpp/rclcpp.hpp:155[m[K,
[3.582s]                  from [01m[K/home/minehill/GXS_VisionData/src/colorblock_detector/src/colorblock.cpp:1[m[K:
[3.582s] [01m[K/opt/ros/humble/include/rclcpp/rclcpp/node.hpp:267:3:[m[K [01;36m[Knote: [m[Kcandidate: â€˜[01m[Ktemplate<class ServiceT, class CallbackT> typename rclcpp::Service<ServiceT>::SharedPtr rclcpp::Node::create_service(const string&, CallbackT&&, const rmw_qos_profile_t&, rclcpp::CallbackGroup::SharedPtr)[m[Kâ€™
[3.582s]   267 |   [01;36m[Kcreate_service[m[K(
[3.582s]       |   [01;36m[K^~~~~~~~~~~~~~[m[K
[3.582s] [01m[K/opt/ros/humble/include/rclcpp/rclcpp/node.hpp:267:3:[m[K [01;36m[Knote: [m[K  template argument deduction/substitution failed:
[3.582s] [01m[K/home/minehill/GXS_VisionData/src/colorblock_detector/src/colorblock.cpp:14:50:[m[K [01;31m[Kerror: [m[Ktemplate argument 1 is invalid
[3.582s]    14 |         [01;31m[Kthis->create_service<mymessage::srv::Sum>([m[K
[3.583s]       |         [01;31m[K~~~~~~~~~~~~~~~~~~~~~~~~~~~~~~~~~~~~~~~~~^[m[K
[3.583s]    15 | [01;31m[K            "QrCallSearch",[m[K
[3.583s]       |             [01;31m[K~~~~~~~~~~~~~~~[m[K                       
[3.583s]    16 | [01;31m[K            std::bind(&SearchResponse::handle_searchblock, this,[m[K
[3.583s]       |             [01;31m[K~~~~~~~~~~~~~~~~~~~~~~~~~~~~~~~~~~~~~~~~~~~~~~~~~~~~[m[K
[3.583s]    17 | [01;31m[K                    std::placeholders::_1, std::placeholders::_2))[m[K;
[3.583s]       |                     [01;31m[K~~~~~~~~~~~~~~~~~~~~~~~~~~~~~~~~~~~~~~~~~~~~~~[m[K
[3.595s] [01m[K/home/minehill/GXS_VisionData/src/colorblock_detector/src/colorblock.cpp:[m[K In function â€˜[01m[Kint main(int, char**)[m[Kâ€™:
[3.595s] [01m[K/home/minehill/GXS_VisionData/src/colorblock_detector/src/colorblock.cpp:39:35:[m[K [01;31m[Kerror: [m[Kâ€˜[01m[KServiceServer01[m[Kâ€™ was not declared in this scope
[3.595s]    39 |     rclcpp::spin(std::make_shared<[01;31m[KServiceServer01[m[K>("BlockSearch"));
[3.595s]       |                                   [01;31m[K^~~~~~~~~~~~~~~[m[K
[3.595s] [01m[K/home/minehill/GXS_VisionData/src/colorblock_detector/src/colorblock.cpp:39:51:[m[K [01;31m[Kerror: [m[Kno matching function for call to â€˜[01m[Kmake_shared<<expression error> >(const char [12])[m[Kâ€™
[3.595s]    39 |     rclcpp::spin([01;31m[Kstd::make_shared<ServiceServer01>("BlockSearch")[m[K);
[3.595s]       |                  [01;31m[K~~~~~~~~~~~~~~~~~~~~~~~~~~~~~~~~~^~~~~~~~~~~~~~~[m[K
[3.595s] In file included from [01m[K/usr/include/c++/11/memory:77[m[K,
[3.595s]                  from [01m[K/opt/ros/humble/include/rclcpp/rclcpp/rclcpp.hpp:153[m[K,
[3.595s]                  from [01m[K/home/minehill/GXS_VisionData/src/colorblock_detector/src/colorblock.cpp:1[m[K:
[3.595s] [01m[K/usr/include/c++/11/bits/shared_ptr.h:875:5:[m[K [01;36m[Knote: [m[Kcandidate: â€˜[01m[Ktemplate<class _Tp, class ... _Args> std::shared_ptr<_Tp> std::make_shared(_Args&& ...)[m[Kâ€™
[3.595s]   875 |     [01;36m[Kmake_shared[m[K(_Args&&... __args)
[3.595s]       |     [01;36m[K^~~~~~~~~~~[m[K
[3.596s] [01m[K/usr/include/c++/11/bits/shared_ptr.h:875:5:[m[K [01;36m[Knote: [m[K  template argument deduction/substitution failed:
[3.596s] [01m[K/home/minehill/GXS_VisionData/src/colorblock_detector/src/colorblock.cpp:39:51:[m[K [01;31m[Kerror: [m[Ktemplate argument 1 is invalid
[3.596s]    39 |     rclcpp::spin([01;31m[Kstd::make_shared<ServiceServer01>("BlockSearch")[m[K);
[3.596s]       |                  [01;31m[K~~~~~~~~~~~~~~~~~~~~~~~~~~~~~~~~~^~~~~~~~~~~~~~~[m[K
[4.500s] gmake[2]: *** [CMakeFiles/colorblock.dir/build.make:76: CMakeFiles/colorblock.dir/src/colorblock.cpp.o] Error 1
[4.500s] gmake[1]: *** [CMakeFiles/Makefile2:137: CMakeFiles/colorblock.dir/all] Error 2
[4.501s] gmake: *** [Makefile:146: all] Error 2
[4.503s] Invoked command in '/home/minehill/GXS_VisionData/src/build/colorblock_detector' returned '2': CMAKE_PREFIX_PATH=${CMAKE_PREFIX_PATH}:/opt/ros/humble /usr/bin/cmake --build /home/minehill/GXS_VisionData/src/build/colorblock_detector -- -j8 -l8
