[ 50%] [32mBuilding CXX object CMakeFiles/colorblock.dir/src/colorblock.cpp.o[0m
[01m[K/home/jason/gxs/GXS_2024_VisionCode/src/colorblock_detector/src/colorblock.cpp:[m[K In member function â€˜[01m[Kvoid SearchResponse::searchblock(qrmsg::msg::Qr_<std::allocator<void> >::SharedPtr)[m[Kâ€™:
[01m[K/home/jason/gxs/GXS_2024_VisionCode/src/colorblock_detector/src/colorblock.cpp:266:13:[m[K [01;31m[Kerror: [m[Kâ€˜[01m[Kyield[m[Kâ€™ was not declared in this scope; did you mean â€˜[01m[Kstd::this_thread::yield[m[Kâ€™?
  266 |             [01;31m[Kyield[m[K
      |             [01;31m[K^~~~~[m[K
      |             [32m[Kstd::this_thread::yield[m[K
In file included from [01m[K/usr/include/c++/11/future:48[m[K,
                 from [01m[K/opt/ros/humble/include/rclcpp/rclcpp/executors.hpp:18[m[K,
                 from [01m[K/opt/ros/humble/include/rclcpp/rclcpp/rclcpp.hpp:155[m[K,
                 from [01m[K/home/jason/gxs/GXS_2024_VisionCode/src/colorblock_detector/src/colorblock.cpp:1[m[K:
[01m[K/usr/include/c++/11/bits/std_thread.h:326:5:[m[K [01;36m[Knote: [m[Kâ€˜[01m[Kstd::this_thread::yield[m[Kâ€™ declared here
  326 |     [01;36m[Kyield[m[K() noexcept
      |     [01;36m[K^~~~~[m[K
gmake[2]: *** [CMakeFiles/colorblock.dir/build.make:76: CMakeFiles/colorblock.dir/src/colorblock.cpp.o] Error 1
gmake[1]: *** [CMakeFiles/Makefile2:137: CMakeFiles/colorblock.dir/all] Error 2
gmake: *** [Makefile:146: all] Error 2
