[35m[1mConsolidate compiler generated dependencies of target colorblock[0m
[ 50%] [32mBuilding CXX object CMakeFiles/colorblock.dir/src/colorblock.cpp.o[0m
[01m[K/home/jason/gxs/GXS_2024_VisionCode/src/colorblock_detector/src/colorblock.cpp:80:5:[m[K [01;31m[Kerror: [m[Kâ€˜[01m[Kimage_transport[m[Kâ€™ does not name a type
   80 |     [01;31m[Kimage_transport[m[K::Subscriber img_subscriber_;
      |     [01;31m[K^~~~~~~~~~~~~~~[m[K
[01m[K/home/jason/gxs/GXS_2024_VisionCode/src/colorblock_detector/src/colorblock.cpp:85:31:[m[K [01;31m[Kerror: [m[Kâ€˜[01m[Ksensor_msgs[m[Kâ€™ does not name a type
   85 |     void image_callback(const [01;31m[Ksensor_msgs[m[K::msg::Image::SharedPtr msg) {
      |                               [01;31m[K^~~~~~~~~~~[m[K
[01m[K/home/jason/gxs/GXS_2024_VisionCode/src/colorblock_detector/src/colorblock.cpp:85:47:[m[K [01;31m[Kerror: [m[Kexpected unqualified-id before â€˜[01m[K::[m[Kâ€™ token
   85 |     void image_callback(const sensor_msgs::msg[01;31m[K::[m[KImage::SharedPtr msg) {
      |                                               [01;31m[K^~[m[K
[01m[K/home/jason/gxs/GXS_2024_VisionCode/src/colorblock_detector/src/colorblock.cpp:85:47:[m[K [01;31m[Kerror: [m[Kexpected â€˜[01m[K)[m[Kâ€™ before â€˜[01m[K::[m[Kâ€™ token
   85 |     void image_callback[34m[K([m[Kconst sensor_msgs::msg[01;31m[K:[m[K[32m[K:[m[KImage::SharedPtr msg) {
      |                        [34m[K~[m[K                      [01;31m[K^[m[K[32m[K~[m[K
      |                                               [32m[K)[m[K
[01m[K/home/jason/gxs/GXS_2024_VisionCode/src/colorblock_detector/src/colorblock.cpp:85:44:[m[K [01;31m[Kerror: [m[Kexpected â€˜[01m[K;[m[Kâ€™ at end of member declaration
   85 |     void image_callback(const sensor_msgs::[01;31m[Kmsg[m[K::Image::SharedPtr msg) {
      |                                            [01;31m[K^~~[m[K
      |                                               [32m[K;[m[K
[01m[K/home/jason/gxs/GXS_2024_VisionCode/src/colorblock_detector/src/colorblock.cpp:85:49:[m[K [01;31m[Kerror: [m[Kâ€˜[01m[KImage[m[Kâ€™ in namespace â€˜[01m[K::[m[Kâ€™ does not name a type
   85 |     void image_callback(const sensor_msgs::msg::[01;31m[KImage[m[K::SharedPtr msg) {
      |                                                 [01;31m[K^~~~~[m[K
[01m[K/home/jason/gxs/GXS_2024_VisionCode/src/colorblock_detector/src/colorblock.cpp:[m[K In constructor â€˜[01m[KSearchResponse::SearchResponse(std::string)[m[Kâ€™:
[01m[K/home/jason/gxs/GXS_2024_VisionCode/src/colorblock_detector/src/colorblock.cpp:36:9:[m[K [01;31m[Kerror: [m[Kâ€˜[01m[Kimg_subscriber_[m[Kâ€™ was not declared in this scope; did you mean â€˜[01m[Kcount_subscribers[m[Kâ€™?
   36 |         [01;31m[Kimg_subscriber_[m[K = this->create_subscription<sensor_msgs::msg::Image>(
      |         [01;31m[K^~~~~~~~~~~~~~~[m[K
      |         [32m[Kcount_subscribers[m[K
[01m[K/home/jason/gxs/GXS_2024_VisionCode/src/colorblock_detector/src/colorblock.cpp:36:53:[m[K [01;31m[Kerror: [m[Kâ€˜[01m[Ksensor_msgs[m[Kâ€™ was not declared in this scope
   36 |         img_subscriber_ = this->create_subscription<[01;31m[Ksensor_msgs[m[K::msg::Image>(
      |                                                     [01;31m[K^~~~~~~~~~~[m[K
[01m[K/home/jason/gxs/GXS_2024_VisionCode/src/colorblock_detector/src/colorblock.cpp:36:33:[m[K [01;31m[Kerror: [m[Kparse error in template argument list
   36 |         img_subscriber_ = this->[01;31m[Kcreate_subscription<sensor_msgs::msg::Image>[m[K(
      |                                 [01;31m[K^~~~~~~~~~~~~~~~~~~~~~~~~~~~~~~~~~~~~~~~~~~~[m[K
[01m[K/home/jason/gxs/GXS_2024_VisionCode/src/colorblock_detector/src/colorblock.cpp:38:24:[m[K [01;31m[Kerror: [m[Kâ€˜[01m[KImageService[m[Kâ€™ has not been declared
   38 |             std::bind(&[01;31m[KImageService[m[K::image_callback, this, std::placeholders::_1));
      |                        [01;31m[K^~~~~~~~~~~~[m[K
[01m[K/home/jason/gxs/GXS_2024_VisionCode/src/colorblock_detector/src/colorblock.cpp:40:9:[m[K [01;31m[Kerror: [m[Kâ€˜[01m[Kexecutor_[m[Kâ€™ was not declared in this scope
   40 |         [01;31m[Kexecutor_[m[K = std::make_shared<rclcpp::executors::MultiThreadedExecutor>();
      |         [01;31m[K^~~~~~~~~[m[K
[01m[K/home/jason/gxs/GXS_2024_VisionCode/src/colorblock_detector/src/colorblock.cpp:[m[K In member function â€˜[01m[Kvoid SearchResponse::spin()[m[Kâ€™:
[01m[K/home/jason/gxs/GXS_2024_VisionCode/src/colorblock_detector/src/colorblock.cpp:61:8:[m[K [01;31m[Kerror: [m[Kâ€˜[01m[Kexecutor_[m[Kâ€™ was not declared in this scope
   61 |        [01;31m[Kexecutor_[m[K->spin();
      |        [01;31m[K^~~~~~~~~[m[K
[01m[K/home/jason/gxs/GXS_2024_VisionCode/src/colorblock_detector/src/colorblock.cpp:[m[K In member function â€˜[01m[Kvoid SearchResponse::handle_searchblock(std::shared_ptr<qrmsg::srv::Qr_Request_<std::allocator<void> > >, std::shared_ptr<qrmsg::srv::Qr_Response_<std::allocator<void> > >)[m[Kâ€™:
[01m[K/home/jason/gxs/GXS_2024_VisionCode/src/colorblock_detector/src/colorblock.cpp:137:13:[m[K [01;31m[Kerror: [m[Kâ€˜[01m[Kcap[m[Kâ€™ was not declared in this scope
  137 |             [01;31m[Kcap[m[K.read(frame);
      |             [01;31m[K^~~[m[K
[01m[K/home/jason/gxs/GXS_2024_VisionCode/src/colorblock_detector/src/colorblock.cpp:138:28:[m[K [01;31m[Kerror: [m[Kâ€˜[01m[Kclass cv::Mat[m[Kâ€™ has no member named â€˜[01m[Kcopy[m[Kâ€™
  138 |             frame = frame_.[01;31m[Kcopy[m[K();
      |                            [01;31m[K^~~~[m[K
gmake[2]: *** [CMakeFiles/colorblock.dir/build.make:76: CMakeFiles/colorblock.dir/src/colorblock.cpp.o] Error 1
gmake[1]: *** [CMakeFiles/Makefile2:137: CMakeFiles/colorblock.dir/all] Error 2
gmake: *** [Makefile:146: all] Error 2
