[ 25%] [32mBuilding CXX object CMakeFiles/binary_detector.dir/src/binary.cpp.o[0m
In file included from [01m[K/opt/ros/humble/include/rclcpp/rclcpp/client.hpp:40[m[K,
                 from [01m[K/opt/ros/humble/include/rclcpp/rclcpp/callback_group.hpp:24[m[K,
                 from [01m[K/opt/ros/humble/include/rclcpp/rclcpp/any_executable.hpp:20[m[K,
                 from [01m[K/opt/ros/humble/include/rclcpp/rclcpp/memory_strategy.hpp:25[m[K,
                 from [01m[K/opt/ros/humble/include/rclcpp/rclcpp/memory_strategies.hpp:18[m[K,
                 from [01m[K/opt/ros/humble/include/rclcpp/rclcpp/executor_options.hpp:20[m[K,
                 from [01m[K/opt/ros/humble/include/rclcpp/rclcpp/executor.hpp:37[m[K,
                 from [01m[K/opt/ros/humble/include/rclcpp/rclcpp/executors/multi_threaded_executor.hpp:25[m[K,
                 from [01m[K/opt/ros/humble/include/rclcpp/rclcpp/executors.hpp:21[m[K,
                 from [01m[K/opt/ros/humble/include/rclcpp/rclcpp/rclcpp.hpp:155[m[K,
                 from [01m[K/home/jason/gxs/GXS_2024_VisionCode/src/binary_detector/include/binary_detector/binary.hpp:9[m[K,
                 from [01m[K/home/jason/gxs/GXS_2024_VisionCode/src/binary_detector/src/binary.cpp:1[m[K:
[01m[K/home/jason/gxs/GXS_2024_VisionCode/src/binary_detector/src/binary.cpp:[m[K In member function â€˜[01m[Kstd::shared_ptr<qrmsg::srv::Qr_Response_<std::allocator<void> > > QrRequest::again_send_request(int&, int&)[m[Kâ€™:
[01m[K/home/jason/gxs/GXS_2024_VisionCode/src/binary_detector/src/binary.cpp:123:22:[m[K [01;31m[Kerror: [m[Kexpected primary-expression before â€˜[01m[K?[m[Kâ€™ token
  123 |     RCLCPP_INFO(this-[01;31m[K?[m[Kget_logger(), "i see the return");
      |                      [01;31m[K^[m[K
[01m[K/home/jason/gxs/GXS_2024_VisionCode/src/binary_detector/src/binary.cpp:123:5:[m[K [01;31m[Kerror: [m[Kexpected â€˜[01m[K:[m[Kâ€™ before â€˜[01m[K)[m[Kâ€™ token
  123 |     [01;31m[KRCLCPP_INFO[m[K(this-?get_logger(), "i see the return");
      |     [01;31m[K^~~~~~~~~~~[m[K
[01m[K/home/jason/gxs/GXS_2024_VisionCode/src/binary_detector/src/binary.cpp:123:5:[m[K [01;31m[Kerror: [m[Kexpected primary-expression before â€˜[01m[K)[m[Kâ€™ token
[01m[K/home/jason/gxs/GXS_2024_VisionCode/src/binary_detector/src/binary.cpp:123:5:[m[K [01;31m[Kerror: [m[Ktemplate argument 1 is invalid
  123 |     [01;31m[KRCLCPP_INFO[m[K(this-?get_logger(), "i see the return");
      |     [01;31m[K^~~~~~~~~~~[m[K
[01m[K/home/jason/gxs/GXS_2024_VisionCode/src/binary_detector/src/binary.cpp:123:5:[m[K [01;31m[Kerror: [m[Kâ€˜[01m[K<declaration error>[m[Kâ€™ is not a template [[01;31m[K]8;;https://gcc.gnu.org/onlinedocs/gcc/Warning-Options.html#index-fpermissive-fpermissive]8;;[m[K]
  123 |     [01;31m[KRCLCPP_INFO[m[K(this-?get_logger(), "i see the return");
      |     [01;31m[K^~~~~~~~~~~[m[K
[01m[K/home/jason/gxs/GXS_2024_VisionCode/src/binary_detector/src/binary.cpp:123:5:[m[K [01;31m[Kerror: [m[Ktemplate argument 1 is invalid
  123 |     [01;31m[KRCLCPP_INFO[m[K(this-?get_logger(), "i see the return");
      |     [01;31m[K^~~~~~~~~~~[m[K
[01m[K/home/jason/gxs/GXS_2024_VisionCode/src/binary_detector/src/binary.cpp:123:5:[m[K [01;31m[Kerror: [m[Kâ€˜[01m[K<declaration error>[m[Kâ€™ is not a template [[01;31m[K]8;;https://gcc.gnu.org/onlinedocs/gcc/Warning-Options.html#index-fpermissive-fpermissive]8;;[m[K]
  123 |     [01;31m[KRCLCPP_INFO[m[K(this-?get_logger(), "i see the return");
      |     [01;31m[K^~~~~~~~~~~[m[K
[01m[K/home/jason/gxs/GXS_2024_VisionCode/src/binary_detector/src/binary.cpp:123:5:[m[K [01;31m[Kerror: [m[Ktemplate argument 1 is invalid
  123 |     [01;31m[KRCLCPP_INFO[m[K(this-?get_logger(), "i see the return");
      |     [01;31m[K^~~~~~~~~~~[m[K
In file included from [01m[K/opt/ros/humble/include/rclcpp/rclcpp/logging.hpp:24[m[K,
                 from [01m[K/opt/ros/humble/include/rclcpp/rclcpp/client.hpp:40[m[K,
                 from [01m[K/opt/ros/humble/include/rclcpp/rclcpp/callback_group.hpp:24[m[K,
                 from [01m[K/opt/ros/humble/include/rclcpp/rclcpp/any_executable.hpp:20[m[K,
                 from [01m[K/opt/ros/humble/include/rclcpp/rclcpp/memory_strategy.hpp:25[m[K,
                 from [01m[K/opt/ros/humble/include/rclcpp/rclcpp/memory_strategies.hpp:18[m[K,
                 from [01m[K/opt/ros/humble/include/rclcpp/rclcpp/executor_options.hpp:20[m[K,
                 from [01m[K/opt/ros/humble/include/rclcpp/rclcpp/executor.hpp:37[m[K,
                 from [01m[K/opt/ros/humble/include/rclcpp/rclcpp/executors/multi_threaded_executor.hpp:25[m[K,
                 from [01m[K/opt/ros/humble/include/rclcpp/rclcpp/executors.hpp:21[m[K,
                 from [01m[K/opt/ros/humble/include/rclcpp/rclcpp/rclcpp.hpp:155[m[K,
                 from [01m[K/home/jason/gxs/GXS_2024_VisionCode/src/binary_detector/include/binary_detector/binary.hpp:9[m[K,
                 from [01m[K/home/jason/gxs/GXS_2024_VisionCode/src/binary_detector/src/binary.cpp:1[m[K:
[01m[K/home/jason/gxs/GXS_2024_VisionCode/src/binary_detector/src/binary.cpp:123:22:[m[K [01;31m[Kerror: [m[Kexpected primary-expression before â€˜[01m[K?[m[Kâ€™ token
  123 |     RCLCPP_INFO(this-[01;31m[K?[m[Kget_logger(), "i see the return");
      |                      [01;31m[K^[m[K
[01m[K/home/jason/gxs/GXS_2024_VisionCode/src/binary_detector/src/binary.cpp:123:5:[m[K [01;31m[Kerror: [m[Kexpected â€˜[01m[K:[m[Kâ€™ before â€˜[01m[K)[m[Kâ€™ token
  123 |     [01;31m[KRCLCPP_INFO[m[K(this-?get_logger(), "i see the return");
      |     [01;31m[K^~~~~~~~~~~[m[K
[01m[K/home/jason/gxs/GXS_2024_VisionCode/src/binary_detector/src/binary.cpp:123:5:[m[K [01;31m[Kerror: [m[Kexpected primary-expression before â€˜[01m[K)[m[Kâ€™ token
[01m[K/home/jason/gxs/GXS_2024_VisionCode/src/binary_detector/src/binary.cpp:123:22:[m[K [01;31m[Kerror: [m[Kexpected primary-expression before â€˜[01m[K?[m[Kâ€™ token
  123 |     RCLCPP_INFO(this-[01;31m[K?[m[Kget_logger(), "i see the return");
      |                      [01;31m[K^[m[K
[01m[K/home/jason/gxs/GXS_2024_VisionCode/src/binary_detector/src/binary.cpp:123:5:[m[K [01;31m[Kerror: [m[Kexpected â€˜[01m[K:[m[Kâ€™ before â€˜[01m[K)[m[Kâ€™ token
  123 |     [01;31m[KRCLCPP_INFO[m[K(this-?get_logger(), "i see the return");
      |     [01;31m[K^~~~~~~~~~~[m[K
[01m[K/home/jason/gxs/GXS_2024_VisionCode/src/binary_detector/src/binary.cpp:123:5:[m[K [01;31m[Kerror: [m[Kexpected primary-expression before â€˜[01m[K)[m[Kâ€™ token
gmake[2]: *** [CMakeFiles/binary_detector.dir/build.make:76: CMakeFiles/binary_detector.dir/src/binary.cpp.o] Error 1
gmake[1]: *** [CMakeFiles/Makefile2:139: CMakeFiles/binary_detector.dir/all] Error 2
gmake: *** [Makefile:146: all] Error 2
