[35m[1mConsolidate compiler generated dependencies of target gxs_serial_driver[0m
[ 40%] Built target gxs_serial_driver_node
[ 60%] [32mBuilding CXX object CMakeFiles/gxs_serial_driver.dir/src/rm_serial_driver.cpp.o[0m
[01m[K/home/jason/gxs/GXS_2024_VisionCode/src/rm_serial_driver/src/rm_serial_driver.cpp:[m[K In member function â€˜[01m[Kvoid rm_serial_driver::RMSerialDriver::SendPickData(geometry_msgs::msg::Vector3_<std::allocator<void> >::SharedPtr)[m[Kâ€™:
[01m[K/home/jason/gxs/GXS_2024_VisionCode/src/rm_serial_driver/src/rm_serial_driver.cpp:130:50:[m[K [01;31m[Kerror: [m[Kexpected â€˜[01m[K;[m[Kâ€™ before â€˜[01m[Kï¼›[m[Kâ€™
  130 |     RCLCPP_INFO(this->get_logger(), "senf this!")[01;31m[Kï¼›[m[K
      |                                                  [01;31m[K^~[m[K
[01m[K/home/jason/gxs/GXS_2024_VisionCode/src/rm_serial_driver/src/rm_serial_driver.cpp:130:50:[m[K [01;31m[Kerror: [m[Kâ€˜[01m[Kï¼›[m[Kâ€™ was not declared in this scope
gmake[2]: *** [CMakeFiles/gxs_serial_driver.dir/build.make:76: CMakeFiles/gxs_serial_driver.dir/src/rm_serial_driver.cpp.o] Error 1
gmake[1]: *** [CMakeFiles/Makefile2:139: CMakeFiles/gxs_serial_driver.dir/all] Error 2
gmake: *** [Makefile:146: all] Error 2
