[0.015s] Invoking command in '/home/jason/gxs/GXS_2024_VisionCode/build/binary_detector': AMENT_PREFIX_PATH=/home/jason/gxs/GXS_2024_VisionCode/install/qrmsg:${AMENT_PREFIX_PATH} CMAKE_PREFIX_PATH=/home/jason/gxs/GXS_2024_VisionCode/install/qrmsg:/home/jason/Desktop/rm_vision/install/trajectory:/home/jason/Desktop/rm_vision/install/rm_vision_bringup:/home/jason/Desktop/rm_vision/install/rm_serial_driver:/home/jason/Desktop/rm_vision/install/rm_gimbal_description:/home/jason/Desktop/rm_vision/install/rm_auto_aim:/home/jason/Desktop/rm_vision/install/mindvision_camera:/home/jason/Desktop/rm_vision/install/armor_tracker:/home/jason/Desktop/rm_vision/install/armor_detector:/home/jason/Desktop/rm_vision/install/auto_aim_interfaces:/opt/ros/humble LD_LIBRARY_PATH=/home/jason/gxs/GXS_2024_VisionCode/install/qrmsg/lib:${LD_LIBRARY_PATH} PYTHONPATH=/home/jason/gxs/GXS_2024_VisionCode/install/qrmsg/local/lib/python3.10/dist-packages:${PYTHONPATH} /usr/bin/cmake --build /home/jason/gxs/GXS_2024_VisionCode/build/binary_detector -- -j16 -l16
[0.057s] [35m[1mConsolidate compiler generated dependencies of target binary_detector[0m
[0.078s] [ 25%] [32mBuilding CXX object CMakeFiles/binary_detector.dir/src/binary.cpp.o[0m
[2.620s] [01m[K/home/jason/gxs/GXS_2024_VisionCode/src/binary_detector/src/binary.cpp:[m[K In member function â€˜[01m[Kvoid QrRequest::again_send_request(int&, int&)[m[Kâ€™:
[2.621s] [01m[K/home/jason/gxs/GXS_2024_VisionCode/src/binary_detector/src/binary.cpp:122:34:[m[K [01;31m[Kerror: [m[Kno match for â€˜[01m[Koperator=[m[Kâ€™ (operand types are â€˜[01m[Kqrmsg::srv::Qr::Response[m[Kâ€™ {aka â€˜[01m[Kqrmsg::srv::Qr_Response_<std::allocator<void> >[m[Kâ€™} and â€˜[01m[Kstd::shared_ptr<qrmsg::srv::Qr_Response_<std::allocator<void> > >[m[Kâ€™)
[2.621s]   122 |     response = result_future.get([01;31m[K)[m[K;
[2.621s]       |                                  [01;31m[K^[m[K
[2.621s] In file included from [01m[K/home/jason/gxs/GXS_2024_VisionCode/install/qrmsg/include/qrmsg/qrmsg/srv/qr.hpp:7[m[K,
[2.621s]                  from [01m[K/home/jason/gxs/GXS_2024_VisionCode/src/binary_detector/include/binary_detector/binary.hpp:8[m[K,
[2.621s]                  from [01m[K/home/jason/gxs/GXS_2024_VisionCode/src/binary_detector/src/binary.cpp:1[m[K:
[2.621s] [01m[K/home/jason/gxs/GXS_2024_VisionCode/install/qrmsg/include/qrmsg/qrmsg/srv/detail/qr__struct.hpp:174:8:[m[K [01;36m[Knote: [m[Kcandidate: â€˜[01m[Kconstexpr qrmsg::srv::Qr_Response_<std::allocator<void> >& qrmsg::srv::Qr_Response_<std::allocator<void> >::operator=(const qrmsg::srv::Qr_Response_<std::allocator<void> >&)[m[Kâ€™
[2.621s]   174 | struct [01;36m[KQr_Response_[m[K
[2.621s]       |        [01;36m[K^~~~~~~~~~~~[m[K
[2.621s] [01m[K/home/jason/gxs/GXS_2024_VisionCode/install/qrmsg/include/qrmsg/qrmsg/srv/detail/qr__struct.hpp:174:8:[m[K [01;36m[Knote: [m[K  no known conversion for argument 1 from â€˜[01m[Kstd::shared_ptr<qrmsg::srv::Qr_Response_<std::allocator<void> > >[m[Kâ€™ to â€˜[01m[Kconst qrmsg::srv::Qr_Response_<std::allocator<void> >&[m[Kâ€™
[2.621s] [01m[K/home/jason/gxs/GXS_2024_VisionCode/install/qrmsg/include/qrmsg/qrmsg/srv/detail/qr__struct.hpp:174:8:[m[K [01;36m[Knote: [m[Kcandidate: â€˜[01m[Kconstexpr qrmsg::srv::Qr_Response_<std::allocator<void> >& qrmsg::srv::Qr_Response_<std::allocator<void> >::operator=(qrmsg::srv::Qr_Response_<std::allocator<void> >&&)[m[Kâ€™
[2.621s] [01m[K/home/jason/gxs/GXS_2024_VisionCode/install/qrmsg/include/qrmsg/qrmsg/srv/detail/qr__struct.hpp:174:8:[m[K [01;36m[Knote: [m[K  no known conversion for argument 1 from â€˜[01m[Kstd::shared_ptr<qrmsg::srv::Qr_Response_<std::allocator<void> > >[m[Kâ€™ to â€˜[01m[Kqrmsg::srv::Qr_Response_<std::allocator<void> >&&[m[Kâ€™
[2.621s] [01m[K/home/jason/gxs/GXS_2024_VisionCode/src/binary_detector/src/binary.cpp:[m[K In member function â€˜[01m[Kvoid QrRequest::result_callback_(rclcpp::Client<qrmsg::srv::Qr>::SharedFuture)[m[Kâ€™:
[2.621s] [01m[K/home/jason/gxs/GXS_2024_VisionCode/src/binary_detector/src/binary.cpp:127:34:[m[K [01;31m[Kerror: [m[Kno match for â€˜[01m[Koperator=[m[Kâ€™ (operand types are â€˜[01m[Kqrmsg::srv::Qr::Response[m[Kâ€™ {aka â€˜[01m[Kqrmsg::srv::Qr_Response_<std::allocator<void> >[m[Kâ€™} and â€˜[01m[Kconst std::shared_ptr<qrmsg::srv::Qr_Response_<std::allocator<void> > >[m[Kâ€™)
[2.621s]   127 |     response = result_future.get([01;31m[K)[m[K;
[2.621s]       |                                  [01;31m[K^[m[K
[2.621s] In file included from [01m[K/home/jason/gxs/GXS_2024_VisionCode/install/qrmsg/include/qrmsg/qrmsg/srv/qr.hpp:7[m[K,
[2.621s]                  from [01m[K/home/jason/gxs/GXS_2024_VisionCode/src/binary_detector/include/binary_detector/binary.hpp:8[m[K,
[2.621s]                  from [01m[K/home/jason/gxs/GXS_2024_VisionCode/src/binary_detector/src/binary.cpp:1[m[K:
[2.622s] [01m[K/home/jason/gxs/GXS_2024_VisionCode/install/qrmsg/include/qrmsg/qrmsg/srv/detail/qr__struct.hpp:174:8:[m[K [01;36m[Knote: [m[Kcandidate: â€˜[01m[Kconstexpr qrmsg::srv::Qr_Response_<std::allocator<void> >& qrmsg::srv::Qr_Response_<std::allocator<void> >::operator=(const qrmsg::srv::Qr_Response_<std::allocator<void> >&)[m[Kâ€™
[2.622s]   174 | struct [01;36m[KQr_Response_[m[K
[2.622s]       |        [01;36m[K^~~~~~~~~~~~[m[K
[2.622s] [01m[K/home/jason/gxs/GXS_2024_VisionCode/install/qrmsg/include/qrmsg/qrmsg/srv/detail/qr__struct.hpp:174:8:[m[K [01;36m[Knote: [m[K  no known conversion for argument 1 from â€˜[01m[Kconst std::shared_ptr<qrmsg::srv::Qr_Response_<std::allocator<void> > >[m[Kâ€™ to â€˜[01m[Kconst qrmsg::srv::Qr_Response_<std::allocator<void> >&[m[Kâ€™
[2.622s] [01m[K/home/jason/gxs/GXS_2024_VisionCode/install/qrmsg/include/qrmsg/qrmsg/srv/detail/qr__struct.hpp:174:8:[m[K [01;36m[Knote: [m[Kcandidate: â€˜[01m[Kconstexpr qrmsg::srv::Qr_Response_<std::allocator<void> >& qrmsg::srv::Qr_Response_<std::allocator<void> >::operator=(qrmsg::srv::Qr_Response_<std::allocator<void> >&&)[m[Kâ€™
[2.622s] [01m[K/home/jason/gxs/GXS_2024_VisionCode/install/qrmsg/include/qrmsg/qrmsg/srv/detail/qr__struct.hpp:174:8:[m[K [01;36m[Knote: [m[K  no known conversion for argument 1 from â€˜[01m[Kconst std::shared_ptr<qrmsg::srv::Qr_Response_<std::allocator<void> > >[m[Kâ€™ to â€˜[01m[Kqrmsg::srv::Qr_Response_<std::allocator<void> >&&[m[Kâ€™
[2.622s] [01m[K/home/jason/gxs/GXS_2024_VisionCode/src/binary_detector/src/binary.cpp:129:17:[m[K [01;31m[Kerror: [m[Kbase operand of â€˜[01m[K->[m[Kâ€™ has non-pointer type â€˜[01m[Kqrmsg::srv::Qr::Response[m[Kâ€™ {aka â€˜[01m[Kqrmsg::srv::Qr_Response_<std::allocator<void> >[m[Kâ€™}
[2.622s]   129 |     if (response[01;31m[K->[m[Kfinish)
[2.622s]       |                 [01;31m[K^~[m[K
[2.622s] [01m[K/home/jason/gxs/GXS_2024_VisionCode/src/binary_detector/src/binary.cpp:132:24:[m[K [01;31m[Kerror: [m[Kbase operand of â€˜[01m[K->[m[Kâ€™ has non-pointer type â€˜[01m[Kqrmsg::srv::Qr::Response[m[Kâ€™ {aka â€˜[01m[Kqrmsg::srv::Qr_Response_<std::allocator<void> >[m[Kâ€™}
[2.622s]   132 |         while (response[01;31m[K->[m[Kfinish && response->dis > distance_threshold)
[2.622s]       |                        [01;31m[K^~[m[K
[2.622s] [01m[K/home/jason/gxs/GXS_2024_VisionCode/src/binary_detector/src/binary.cpp:132:44:[m[K [01;31m[Kerror: [m[Kbase operand of â€˜[01m[K->[m[Kâ€™ has non-pointer type â€˜[01m[Kqrmsg::srv::Qr::Response[m[Kâ€™ {aka â€˜[01m[Kqrmsg::srv::Qr_Response_<std::allocator<void> >[m[Kâ€™}
[2.622s]   132 |         while (response->finish && response[01;31m[K->[m[Kdis > distance_threshold)
[2.622s]       |                                            [01;31m[K^~[m[K
[2.622s] In file included from [01m[K/opt/ros/humble/include/rclcpp/rclcpp/logging.hpp:24[m[K,
[2.622s]                  from [01m[K/opt/ros/humble/include/rclcpp/rclcpp/client.hpp:40[m[K,
[2.622s]                  from [01m[K/opt/ros/humble/include/rclcpp/rclcpp/callback_group.hpp:24[m[K,
[2.622s]                  from [01m[K/opt/ros/humble/include/rclcpp/rclcpp/any_executable.hpp:20[m[K,
[2.623s]                  from [01m[K/opt/ros/humble/include/rclcpp/rclcpp/memory_strategy.hpp:25[m[K,
[2.623s]                  from [01m[K/opt/ros/humble/include/rclcpp/rclcpp/memory_strategies.hpp:18[m[K,
[2.623s]                  from [01m[K/opt/ros/humble/include/rclcpp/rclcpp/executor_options.hpp:20[m[K,
[2.623s]                  from [01m[K/opt/ros/humble/include/rclcpp/rclcpp/executor.hpp:37[m[K,
[2.623s]                  from [01m[K/opt/ros/humble/include/rclcpp/rclcpp/executors/multi_threaded_executor.hpp:25[m[K,
[2.623s]                  from [01m[K/opt/ros/humble/include/rclcpp/rclcpp/executors.hpp:21[m[K,
[2.623s]                  from [01m[K/opt/ros/humble/include/rclcpp/rclcpp/rclcpp.hpp:155[m[K,
[2.623s]                  from [01m[K/home/jason/gxs/GXS_2024_VisionCode/src/binary_detector/include/binary_detector/binary.hpp:9[m[K,
[2.623s]                  from [01m[K/home/jason/gxs/GXS_2024_VisionCode/src/binary_detector/src/binary.cpp:1[m[K:
[2.623s] [01m[K/home/jason/gxs/GXS_2024_VisionCode/src/binary_detector/src/binary.cpp:134:80:[m[K [01;31m[Kerror: [m[Kbase operand of â€˜[01m[K->[m[Kâ€™ has non-pointer type â€˜[01m[Kqrmsg::srv::Qr::Response[m[Kâ€™ {aka â€˜[01m[Kqrmsg::srv::Qr_Response_<std::allocator<void> >[m[Kâ€™}
[2.623s]   134 |             RCLCPP_INFO(this->get_logger(), "å½“å‰è·ç¦»ä¸º %f, ç»§ç»­å‰è¿›", response[01;31m[K->[m[Kdis);
[2.623s]       |                                                                                [01;31m[K^~[m[K
[2.623s] [01m[K/home/jason/gxs/GXS_2024_VisionCode/src/binary_detector/src/binary.cpp:135:58:[m[K [01;31m[Kerror: [m[Kcannot bind non-const lvalue reference of type â€˜[01m[Kint&[m[Kâ€™ to an rvalue of type â€˜[01m[Kint[m[Kâ€™
[2.623s]   135 |             again_send_request(arr[now_index], [01;31m[Know_index / 3[m[K);
[2.623s]       |                                                [01;31m[K~~~~~~~~~~^~~[m[K
[2.623s] [01m[K/home/jason/gxs/GXS_2024_VisionCode/src/binary_detector/src/binary.cpp:112:52:[m[K [01;36m[Knote: [m[K  initializing argument 2 of â€˜[01m[Kvoid QrRequest::again_send_request(int&, int&)[m[Kâ€™
[2.623s]   112 | void QrRequest::again_send_request(int &num_, [01;36m[Kint &way_[m[K)
[2.623s]       |                                               [01;36m[K~~~~~^~~~[m[K
[3.316s] gmake[2]: *** [CMakeFiles/binary_detector.dir/build.make:76: CMakeFiles/binary_detector.dir/src/binary.cpp.o] Error 1
[3.317s] gmake[1]: *** [CMakeFiles/Makefile2:139: CMakeFiles/binary_detector.dir/all] Error 2
[3.317s] gmake: *** [Makefile:146: all] Error 2
[3.319s] Invoked command in '/home/jason/gxs/GXS_2024_VisionCode/build/binary_detector' returned '2': AMENT_PREFIX_PATH=/home/jason/gxs/GXS_2024_VisionCode/install/qrmsg:${AMENT_PREFIX_PATH} CMAKE_PREFIX_PATH=/home/jason/gxs/GXS_2024_VisionCode/install/qrmsg:/home/jason/Desktop/rm_vision/install/trajectory:/home/jason/Desktop/rm_vision/install/rm_vision_bringup:/home/jason/Desktop/rm_vision/install/rm_serial_driver:/home/jason/Desktop/rm_vision/install/rm_gimbal_description:/home/jason/Desktop/rm_vision/install/rm_auto_aim:/home/jason/Desktop/rm_vision/install/mindvision_camera:/home/jason/Desktop/rm_vision/install/armor_tracker:/home/jason/Desktop/rm_vision/install/armor_detector:/home/jason/Desktop/rm_vision/install/auto_aim_interfaces:/opt/ros/humble LD_LIBRARY_PATH=/home/jason/gxs/GXS_2024_VisionCode/install/qrmsg/lib:${LD_LIBRARY_PATH} PYTHONPATH=/home/jason/gxs/GXS_2024_VisionCode/install/qrmsg/local/lib/python3.10/dist-packages:${PYTHONPATH} /usr/bin/cmake --build /home/jason/gxs/GXS_2024_VisionCode/build/binary_detector -- -j16 -l16
