[ 25%] [32mBuilding CXX object CMakeFiles/binary_detector.dir/src/binary.cpp.o[0m
[01m[K/home/jason/gxs/GXS_2024_VisionCode/src/binary_detector/src/binary.cpp:[m[K In member function â€˜[01m[Kvoid QrRequest::state_callback(std_msgs::msg::Bool_<std::allocator<void> >::SharedPtr)[m[Kâ€™:
[01m[K/home/jason/gxs/GXS_2024_VisionCode/src/binary_detector/src/binary.cpp:105:5:[m[K [01;31m[Kerror: [m[Kexpected primary-expression before â€˜[01m[K}[m[Kâ€™ token
  105 |     [01;31m[K}[m[K
      |     [01;31m[K^[m[K
[01m[K/home/jason/gxs/GXS_2024_VisionCode/src/binary_detector/src/binary.cpp:104:15:[m[K [01;31m[Kerror: [m[Kexpected â€˜[01m[K;[m[Kâ€™ before â€˜[01m[K}[m[Kâ€™ token
  104 |         return
      |               [01;31m[K^[m[K
      |               [32m[K;[m[K
  105 |     [32m[K}[m[K
      |     [32m[K~[m[K          
gmake[2]: *** [CMakeFiles/binary_detector.dir/build.make:76: CMakeFiles/binary_detector.dir/src/binary.cpp.o] Error 1
gmake[1]: *** [CMakeFiles/Makefile2:139: CMakeFiles/binary_detector.dir/all] Error 2
gmake: *** [Makefile:146: all] Error 2
