[35m[1mConsolidate compiler generated dependencies of target binary_detector[0m
[ 25%] [32mBuilding CXX object CMakeFiles/binary_detector.dir/src/binary.cpp.o[0m
[01m[K/home/jason/gxs/GXS_2024_VisionCode/src/binary_detector/src/binary.cpp:[m[K In member function â€˜[01m[Kvoid QrRequest::result_callback_(rclcpp::Client<qrmsg::srv::Qr>::SharedFuture)[m[Kâ€™:
[01m[K/home/jason/gxs/GXS_2024_VisionCode/src/binary_detector/src/binary.cpp:143:13:[m[K [01;31m[Kerror: [m[Kâ€˜[01m[Kreponse[m[Kâ€™ was not declared in this scope; did you mean â€˜[01m[Kresponse[m[Kâ€™?
  143 |             [01;31m[Kreponse[m[K->finish = false;
      |             [01;31m[K^~~~~~~[m[K
      |             [32m[Kresponse[m[K
gmake[2]: *** [CMakeFiles/binary_detector.dir/build.make:76: CMakeFiles/binary_detector.dir/src/binary.cpp.o] Error 1
gmake[1]: *** [CMakeFiles/Makefile2:139: CMakeFiles/binary_detector.dir/all] Error 2
gmake: *** [Makefile:146: all] Error 2
